<?xml version="1.0" encoding="UTF-8"?>
<TestRun id="a7fc3fc5-846e-4a9d-b8f8-88ed4e834635" name="user@USER-PC 2015-08-10 21:20:33" runUser="user-PC\user" xmlns="http://microsoft.com/schemas/VisualStudio/TeamTest/2010">
  <Times creation="2015-08-10T21:20:33.6622660+05:30" queuing="2015-08-10T21:20:33.6622660+05:30" start="2015-08-10T21:20:33.6952679+05:30" finish="2015-08-11T03:02:31.1417987+05:30" />
  <TestSettings name="default" id="9d299eb4-e5a6-4153-aeb9-1a0730c61e08">
    <Execution>
      <TestTypeSpecific />
    </Execution>
    <Deployment runDeploymentRoot="user_USER-PC 2015-08-10 21_20_33" />
  </TestSettings>
  <Results>
    <UnitTestResult executionId="959273fa-7e16-4d59-abc2-e406ed8592e6" testId="a6e6f0fe-2ffb-cd75-d4e8-925ffafeadc5" testName="addNote1099SaleAgent" computerName="USER-PC" duration="00:01:19.3992860" startTime="2015-08-10T21:19:13.9507067+05:30" endTime="2015-08-10T21:20:33.4362530+05:30" testType="13cdc9d9-ddb5-4fa4-a97d-d965ccfc6d4b" outcome="Failed" testListId="8c84fa94-04c1-424b-9868-57a2d4851a1d" relativeResultsDirectory="959273fa-7e16-4d59-abc2-e406ed8592e6">
      <Output>
        <StdOut>Logged in as: dnelms16 / dnelms16</StdOut>
        <ErrorInfo>
          <Message>Assert.IsTrue failed. </Message>
          <StackTrace>   at PegasusTests.PageHelper.Comm.DriverHelper.Click(String locator) in d:\pegqa\TestAutomationProject\PegasusTests\PageHelper\Comm\DriverHelper.cs:line 233
   at PegasusTests.PageHelper.PayoutSummaryResidualIcome1099saleAgent.ClickElement(String xmlNode) in d:\pegqa\TestAutomationProject\PegasusTests\PageHelper\PayoutSummaryResidualIcome1099saleAgent.cs:line 50
   at PegasusTests.Scripts.ClientsTests.AddNote1099SaleAgent.addNote1099SaleAgent() in d:\pegqa\TestAutomationProject\PegasusTests\Scripts\1099SaleAgent\CreateNote1099SaleAgent.cs:line 46
</StackTrace>
        </ErrorInfo>
      </Output>
    </UnitTestResult>
    <UnitTestResult executionId="4fee6b7e-470b-4e31-b439-ab4b21aa7d0b" testId="790ceffe-b590-3a28-5457-3de7b1374d10" testName="createMeeting1099SaleAgent" computerName="USER-PC" duration="00:00:19.4167808" startTime="2015-08-10T21:20:33.4542541+05:30" endTime="2015-08-10T21:20:52.8723647+05:30" testType="13cdc9d9-ddb5-4fa4-a97d-d965ccfc6d4b" outcome="Failed" testListId="8c84fa94-04c1-424b-9868-57a2d4851a1d" relativeResultsDirectory="4fee6b7e-470b-4e31-b439-ab4b21aa7d0b">
      <Output>
        <StdOut>Logged in as: dnelms16 / dnelms16</StdOut>
        <ErrorInfo>
          <Message>Assert.IsTrue failed. </Message>
          <StackTrace>   at PegasusTests.PageHelper.Comm.DriverTestCase.VerifyTitle(String title) in d:\pegqa\TestAutomationProject\PegasusTests\PageHelper\Comm\DriverTestCase.cs:line 107
   at PegasusTests.Scripts.ClientsTests.CreateMeeting1099SaleAgent.createMeeting1099SaleAgent() in d:\pegqa\TestAutomationProject\PegasusTests\Scripts\1099SaleAgent\CreateMeeting1099SaleAgent.cs:line 33
</StackTrace>
        </ErrorInfo>
      </Output>
    </UnitTestResult>
    <UnitTestResult executionId="d6f68f38-c377-4198-ae4f-2dd0093d1c13" testId="7ae0591f-6c70-9eb7-be22-477a27c77af2" testName="newTask1099SaleAgent" computerName="USER-PC" duration="00:00:59.2204996" startTime="2015-08-10T21:20:52.8723647+05:30" endTime="2015-08-10T21:21:52.0947520+05:30" testType="13cdc9d9-ddb5-4fa4-a97d-d965ccfc6d4b" outcome="Failed" testListId="8c84fa94-04c1-424b-9868-57a2d4851a1d" relativeResultsDirectory="d6f68f38-c377-4198-ae4f-2dd0093d1c13">
      <Output>
        <StdOut>Logged in as: AslamKhan / 1qaz!QAZ
Redirected at Dashboard screen.</StdOut>
        <ErrorInfo>
          <Message>Assert.IsTrue failed. </Message>
          <StackTrace>   at PegasusTests.PageHelper.Comm.DriverHelper.Click(String locator) in d:\pegqa\TestAutomationProject\PegasusTests\PageHelper\Comm\DriverHelper.cs:line 233
   at PegasusTests.PageHelper.ClientsHelper.ClickDatePickerNext() in d:\pegqa\TestAutomationProject\PegasusTests\PageHelper\ClientsHelper.cs:line 128
   at PegasusTests.Scripts.ClientsTests.NewTask1099SaleAgent.newTask1099SaleAgent() in d:\pegqa\TestAutomationProject\PegasusTests\Scripts\1099SaleAgent\NewTask1099SaleAgent.cs:line 53
</StackTrace>
        </ErrorInfo>
      </Output>
    </UnitTestResult>
    <UnitTestResult executionId="d4dbaf11-eb9c-4d79-a3df-8c5e713f7e94" testId="dfcd1364-8715-1a63-1d78-3bcbb19f73f0" testName="resisualIncomeReportsPrint1099SaleAgent" computerName="USER-PC" duration="00:00:21.5661976" startTime="2015-08-10T21:21:52.0947520+05:30" endTime="2015-08-10T21:22:13.6619856+05:30" testType="13cdc9d9-ddb5-4fa4-a97d-d965ccfc6d4b" outcome="Failed" testListId="8c84fa94-04c1-424b-9868-57a2d4851a1d" relativeResultsDirectory="d4dbaf11-eb9c-4d79-a3df-8c5e713f7e94">
      <Output>
        <StdOut>Logged in as: dnelms16 / dnelms16</StdOut>
        <ErrorInfo>
          <Message>Assert.IsTrue failed. </Message>
          <StackTrace>   at PegasusTests.PageHelper.Comm.DriverTestCase.VerifyTitle(String title) in d:\pegqa\TestAutomationProject\PegasusTests\PageHelper\Comm\DriverTestCase.cs:line 107
   at PegasusTests.Scripts.LoginTests.ResisualIncomeReportsPrint1099SaleAgent.resisualIncomeReportsPrint1099SaleAgent() in d:\pegqa\TestAutomationProject\PegasusTests\Scripts\1099SaleAgent\ResisualIncomeReportsPrint1099SaleAgent.cs:line 36
</StackTrace>
        </ErrorInfo>
      </Output>
    </UnitTestResult>
    <UnitTestResult executionId="ba60e891-0a7b-4b8a-8736-b36797f95cbd" testId="3f542d8e-845e-a50b-2055-f981f685d611" testName="resisualIncomeReportPDF1099SaleAgent" computerName="USER-PC" duration="00:00:29.9947326" startTime="2015-08-10T21:22:13.6619856+05:30" endTime="2015-08-10T21:22:43.6577013+05:30" testType="13cdc9d9-ddb5-4fa4-a97d-d965ccfc6d4b" outcome="Failed" testListId="8c84fa94-04c1-424b-9868-57a2d4851a1d" relativeResultsDirectory="ba60e891-0a7b-4b8a-8736-b36797f95cbd">
      <Output>
        <StdOut>Logged in as: dnelms16 / dnelms16</StdOut>
        <ErrorInfo>
          <Message>Assert.IsTrue failed. </Message>
          <StackTrace>   at PegasusTests.PageHelper.Comm.DriverTestCase.VerifyTitle(String title) in d:\pegqa\TestAutomationProject\PegasusTests\PageHelper\Comm\DriverTestCase.cs:line 107
   at PegasusTests.Scripts.LoginTests.ResisualIncomeReportPDF1099SaleAgent.resisualIncomeReportPDF1099SaleAgent() in d:\pegqa\TestAutomationProject\PegasusTests\Scripts\1099SaleAgent\ResisualIncomeReportPDF1099SaleAgent.cs:line 36
</StackTrace>
        </ErrorInfo>
      </Output>
    </UnitTestResult>
    <UnitTestResult executionId="d40e37f8-f565-4e7b-b5fb-f7b29f99b1bf" testId="46fa97d1-ad6b-1ada-1404-d5f88c4c7781" testName="resisualIncomeReportsCSV1099SaleAgent" computerName="USER-PC" duration="00:00:18.4777577" startTime="2015-08-10T21:22:43.6577013+05:30" endTime="2015-08-10T21:23:02.1367582+05:30" testType="13cdc9d9-ddb5-4fa4-a97d-d965ccfc6d4b" outcome="Failed" testListId="8c84fa94-04c1-424b-9868-57a2d4851a1d" relativeResultsDirectory="d40e37f8-f565-4e7b-b5fb-f7b29f99b1bf">
      <Output>
        <StdOut>Logged in as: dnelms16 / dnelms16</StdOut>
        <ErrorInfo>
          <Message>Assert.IsTrue failed. </Message>
          <StackTrace>   at PegasusTests.PageHelper.Comm.DriverTestCase.VerifyTitle(String title) in d:\pegqa\TestAutomationProject\PegasusTests\PageHelper\Comm\DriverTestCase.cs:line 107
   at PegasusTests.Scripts.LoginTests.ResisualIncomeReportsCSV1099SaleAgent.resisualIncomeReportsCSV1099SaleAgent() in d:\pegqa\TestAutomationProject\PegasusTests\Scripts\1099SaleAgent\ResisualIncomeReportsCSV1099SaleAgent.cs:line 36
</StackTrace>
        </ErrorInfo>
      </Output>
    </UnitTestResult>
    <UnitTestResult executionId="ca78a64b-7fa9-44f5-8ba0-b007907d1e21" testId="50c39f3a-deab-e4dc-5731-c1604403f86c" testName="resisualIncomeReportsExcel1099SaleAgent" computerName="USER-PC" duration="00:00:19.6172272" startTime="2015-08-10T21:23:02.1367582+05:30" endTime="2015-08-10T21:23:21.7548803+05:30" testType="13cdc9d9-ddb5-4fa4-a97d-d965ccfc6d4b" outcome="Failed" testListId="8c84fa94-04c1-424b-9868-57a2d4851a1d" relativeResultsDirectory="ca78a64b-7fa9-44f5-8ba0-b007907d1e21">
      <Output>
        <StdOut>Logged in as: dnelms16 / dnelms16</StdOut>
        <ErrorInfo>
          <Message>Assert.IsTrue failed. </Message>
          <StackTrace>   at PegasusTests.PageHelper.Comm.DriverTestCase.VerifyTitle(String title) in d:\pegqa\TestAutomationProject\PegasusTests\PageHelper\Comm\DriverTestCase.cs:line 107
   at PegasusTests.Scripts.LoginTests.ResisualIncomeReportsExcel1099SaleAgent.resisualIncomeReportsExcel1099SaleAgent() in d:\pegqa\TestAutomationProject\PegasusTests\Scripts\1099SaleAgent\ResisualIncomeReportsExcel1099SaleAgent.cs:line 36
</StackTrace>
        </ErrorInfo>
      </Output>
    </UnitTestResult>
    <UnitTestResult executionId="ac010a02-eaf3-4b5e-a350-976fe43f039a" testId="008c5e5d-ef86-0ab1-9789-d60d0c1d3197" testName="resisualIncomePayoutSumaryExportExcel1099SaleAgent" computerName="USER-PC" duration="00:00:21.9966508" startTime="2015-08-10T21:23:21.7548803+05:30" endTime="2015-08-10T21:23:43.7521385+05:30" testType="13cdc9d9-ddb5-4fa4-a97d-d965ccfc6d4b" outcome="Failed" testListId="8c84fa94-04c1-424b-9868-57a2d4851a1d" relativeResultsDirectory="ac010a02-eaf3-4b5e-a350-976fe43f039a">
      <Output>
        <StdOut>Logged in as: dnelms16 / dnelms16</StdOut>
        <ErrorInfo>
          <Message>Assert.IsTrue failed. </Message>
          <StackTrace>   at PegasusTests.PageHelper.Comm.DriverTestCase.VerifyTitle(String title) in d:\pegqa\TestAutomationProject\PegasusTests\PageHelper\Comm\DriverTestCase.cs:line 107
   at PegasusTests.Scripts.LoginTests.ResisualIncomePayoutSumaryExportExcel1099SaleAgent.resisualIncomePayoutSumaryExportExcel1099SaleAgent() in d:\pegqa\TestAutomationProject\PegasusTests\Scripts\1099SaleAgent\ResisualIncomePayoutSumaryExportExcel1099SaleAgent.cs:line 36
</StackTrace>
        </ErrorInfo>
      </Output>
    </UnitTestResult>
    <UnitTestResult executionId="4644c8bb-df95-44fe-992c-d646f94367a8" testId="4d2d65e4-1d70-08a4-cffa-4d77a3741c53" testName="resisualIncomePayoutSumaryExportCSV1099SaleAgent" computerName="USER-PC" duration="00:00:22.4932819" startTime="2015-08-10T21:23:43.7531385+05:30" endTime="2015-08-10T21:24:06.2474251+05:30" testType="13cdc9d9-ddb5-4fa4-a97d-d965ccfc6d4b" outcome="Failed" testListId="8c84fa94-04c1-424b-9868-57a2d4851a1d" relativeResultsDirectory="4644c8bb-df95-44fe-992c-d646f94367a8">
      <Output>
        <StdOut>Logged in as: dnelms16 / dnelms16</StdOut>
        <ErrorInfo>
          <Message>Assert.IsTrue failed. </Message>
          <StackTrace>   at PegasusTests.PageHelper.Comm.DriverTestCase.VerifyTitle(String title) in d:\pegqa\TestAutomationProject\PegasusTests\PageHelper\Comm\DriverTestCase.cs:line 107
   at PegasusTests.Scripts.LoginTests.ResisualIncomePayoutSumaryExportCSV1099SaleAgent.resisualIncomePayoutSumaryExportCSV1099SaleAgent() in d:\pegqa\TestAutomationProject\PegasusTests\Scripts\1099SaleAgent\ResisualIncomePayoutSumaryExportCSV1099SaleAgent.cs:line 36
</StackTrace>
        </ErrorInfo>
      </Output>
    </UnitTestResult>
    <UnitTestResult executionId="38509073-b904-4fa6-a913-412fb5f80683" testId="248f47f9-36e5-bddc-4a68-33cabbbe11e2" testName="resisualIncomeReports1099SaleAgent" computerName="USER-PC" duration="00:00:24.1417509" startTime="2015-08-10T21:24:06.2474251+05:30" endTime="2015-08-10T21:24:30.3898060+05:30" testType="13cdc9d9-ddb5-4fa4-a97d-d965ccfc6d4b" outcome="Failed" testListId="8c84fa94-04c1-424b-9868-57a2d4851a1d" relativeResultsDirectory="38509073-b904-4fa6-a913-412fb5f80683">
      <Output>
        <StdOut>Logged in as: dnelms16 / dnelms16</StdOut>
        <ErrorInfo>
          <Message>Assert.IsTrue failed. </Message>
          <StackTrace>   at PegasusTests.PageHelper.Comm.DriverTestCase.VerifyTitle(String title) in d:\pegqa\TestAutomationProject\PegasusTests\PageHelper\Comm\DriverTestCase.cs:line 107
   at PegasusTests.Scripts.LoginTests.ResisualIncomeReports1099SaleAgent.resisualIncomeReports1099SaleAgent() in d:\pegqa\TestAutomationProject\PegasusTests\Scripts\1099SaleAgent\ResisualIncomeReports1099SaleAgent.cs:line 36
</StackTrace>
        </ErrorInfo>
      </Output>
    </UnitTestResult>
    <UnitTestResult executionId="f28b0530-f8ca-47cc-8d37-3bec09edeb97" testId="fb6f0898-b493-d22e-5baa-a0a8cb2f401a" testName="resisualIncomePayoutSumary1099SaleAgent" computerName="USER-PC" duration="00:00:21.1690668" startTime="2015-08-10T21:24:30.3898060+05:30" endTime="2015-08-10T21:24:51.5600169+05:30" testType="13cdc9d9-ddb5-4fa4-a97d-d965ccfc6d4b" outcome="Failed" testListId="8c84fa94-04c1-424b-9868-57a2d4851a1d" relativeResultsDirectory="f28b0530-f8ca-47cc-8d37-3bec09edeb97">
      <Output>
        <StdOut>Logged in as: dnelms16 / dnelms16</StdOut>
        <ErrorInfo>
          <Message>Assert.IsTrue failed. </Message>
          <StackTrace>   at PegasusTests.PageHelper.Comm.DriverTestCase.VerifyTitle(String title) in d:\pegqa\TestAutomationProject\PegasusTests\PageHelper\Comm\DriverTestCase.cs:line 107
   at PegasusTests.Scripts.LoginTests.ResisualIncomePayoutSumary1099SaleAgent.resisualIncomePayoutSumary1099SaleAgent() in d:\pegqa\TestAutomationProject\PegasusTests\Scripts\1099SaleAgent\ResisualIncomePayoutSumary1099SaleAgent.cs:line 36
</StackTrace>
        </ErrorInfo>
      </Output>
    </UnitTestResult>
    <UnitTestResult executionId="56b86602-6994-401e-81ce-db71d2e9e77f" testId="a620d826-239b-b69a-8a7e-41491137efb2" testName="activitiesComposeEmai1099SA" computerName="USER-PC" duration="00:00:21.1857026" startTime="2015-08-10T21:24:51.5600169+05:30" endTime="2015-08-10T21:25:12.7462287+05:30" testType="13cdc9d9-ddb5-4fa4-a97d-d965ccfc6d4b" outcome="Failed" testListId="8c84fa94-04c1-424b-9868-57a2d4851a1d" relativeResultsDirectory="56b86602-6994-401e-81ce-db71d2e9e77f">
      <Output>
        <StdOut>Logged in as: dnelms16 / dnelms16</StdOut>
        <ErrorInfo>
          <Message>Assert.IsTrue failed. </Message>
          <StackTrace>   at PegasusTests.PageHelper.Comm.DriverTestCase.VerifyTitle(String title) in d:\pegqa\TestAutomationProject\PegasusTests\PageHelper\Comm\DriverTestCase.cs:line 107
   at PegasusTests.Scripts.ClientsTests.ActivitiesComposeEmai1099SA.activitiesComposeEmai1099SA() in d:\pegqa\TestAutomationProject\PegasusTests\Scripts\1099SaleAgent\ActivitiesComposeEmai1099SA.cs:line 33
</StackTrace>
        </ErrorInfo>
      </Output>
    </UnitTestResult>
    <UnitTestResult executionId="201277c4-bd25-40ba-b2f2-b1178c6282dd" testId="7c6badc4-8ff7-69fe-06b2-deaa8fa7de49" testName="viewTicket1099SaleAgnet" computerName="USER-PC" duration="00:00:22.0930095" startTime="2015-08-10T21:25:12.7472287+05:30" endTime="2015-08-10T21:25:34.8404924+05:30" testType="13cdc9d9-ddb5-4fa4-a97d-d965ccfc6d4b" outcome="Failed" testListId="8c84fa94-04c1-424b-9868-57a2d4851a1d" relativeResultsDirectory="201277c4-bd25-40ba-b2f2-b1178c6282dd">
      <Output>
        <StdOut>Logged in as: dnelms16 / dnelms16</StdOut>
        <ErrorInfo>
          <Message>Assert.IsTrue failed. </Message>
          <StackTrace>   at PegasusTests.PageHelper.Comm.DriverTestCase.VerifyTitle(String title) in d:\pegqa\TestAutomationProject\PegasusTests\PageHelper\Comm\DriverTestCase.cs:line 107
   at PegasusTests.Scripts.ClientsTests.ViewTicket1099SaleAgnet.viewTicket1099SaleAgnet() in d:\pegqa\TestAutomationProject\PegasusTests\Scripts\1099SaleAgent\ViewTicket1099SaleAgnet.cs:line 41
</StackTrace>
        </ErrorInfo>
      </Output>
    </UnitTestResult>
    <UnitTestResult executionId="d5f80d41-6719-439e-ac2b-f772213eaad4" testId="088a859a-f8d6-b8c3-7666-fd8df99b3c7c" testName="editSettingProfile1099SaleAgent" computerName="USER-PC" duration="00:00:20.6200086" startTime="2015-08-10T21:25:34.8404924+05:30" endTime="2015-08-10T21:25:55.4616718+05:30" testType="13cdc9d9-ddb5-4fa4-a97d-d965ccfc6d4b" outcome="Failed" testListId="8c84fa94-04c1-424b-9868-57a2d4851a1d" relativeResultsDirectory="d5f80d41-6719-439e-ac2b-f772213eaad4">
      <Output>
        <StdOut>Logged in as: dnelms16 / dnelms16</StdOut>
        <ErrorInfo>
          <Message>Assert.IsTrue failed. </Message>
          <StackTrace>   at PegasusTests.PageHelper.Comm.DriverTestCase.VerifyTitle(String title) in d:\pegqa\TestAutomationProject\PegasusTests\PageHelper\Comm\DriverTestCase.cs:line 107
   at PegasusTests.Scripts.LoginTests.EditSettingProfile1099SaleAgent.editSettingProfile1099SaleAgent() in d:\pegqa\TestAutomationProject\PegasusTests\Scripts\1099SaleAgent\EditSettingProfile1099SaleAgent.cs:line 35
</StackTrace>
        </ErrorInfo>
      </Output>
    </UnitTestResult>
    <UnitTestResult executionId="55d742e5-b106-4960-a1a6-985a9da9cfca" testId="7f096431-aff4-bfac-7c6d-19b2f4b24a1f" testName="createTicket1099SaleAgnet" computerName="USER-PC" duration="00:00:18.7601516" startTime="2015-08-10T21:25:55.4616718+05:30" endTime="2015-08-10T21:26:14.2227449+05:30" testType="13cdc9d9-ddb5-4fa4-a97d-d965ccfc6d4b" outcome="Failed" testListId="8c84fa94-04c1-424b-9868-57a2d4851a1d" relativeResultsDirectory="55d742e5-b106-4960-a1a6-985a9da9cfca">
      <Output>
        <StdOut>Logged in as: dnelms16 / dnelms16</StdOut>
        <ErrorInfo>
          <Message>Assert.IsTrue failed. </Message>
          <StackTrace>   at PegasusTests.PageHelper.Comm.DriverTestCase.VerifyTitle(String title) in d:\pegqa\TestAutomationProject\PegasusTests\PageHelper\Comm\DriverTestCase.cs:line 107
   at PegasusTests.Scripts.ClientsTests.CreateTicket1099SaleAgnet.createTicket1099SaleAgnet() in d:\pegqa\TestAutomationProject\PegasusTests\Scripts\1099SaleAgent\CreateTicket1099SaleAgnet.cs:line 41
</StackTrace>
        </ErrorInfo>
      </Output>
    </UnitTestResult>
    <UnitTestResult executionId="25a0a107-fa2f-406e-ac6b-4ce03759e218" testId="05224286-d5f4-dcbe-2881-62f25f8222fb" testName="loginWithValidCredentials" computerName="USER-PC" duration="00:00:19.7669730" startTime="2015-08-10T21:26:14.2227449+05:30" endTime="2015-08-10T21:26:33.9908756+05:30" testType="13cdc9d9-ddb5-4fa4-a97d-d965ccfc6d4b" outcome="Failed" testListId="8c84fa94-04c1-424b-9868-57a2d4851a1d" relativeResultsDirectory="25a0a107-fa2f-406e-ac6b-4ce03759e218">
      <Output>
        <StdOut>Logged in as: dnelms16 / dnelms16</StdOut>
        <ErrorInfo>
          <Message>Assert.IsTrue failed. </Message>
          <StackTrace>   at PegasusTests.PageHelper.Comm.DriverTestCase.VerifyTitle(String title) in d:\pegqa\TestAutomationProject\PegasusTests\PageHelper\Comm\DriverTestCase.cs:line 107
   at PegasusTests.Scripts.LoginTests.EditProfile1099SaleAgent.loginWithValidCredentials() in d:\pegqa\TestAutomationProject\PegasusTests\Scripts\1099SaleAgent\EditProfile1099SaleAgent.cs:line 35
</StackTrace>
        </ErrorInfo>
      </Output>
    </UnitTestResult>
    <UnitTestResult executionId="3fc5d1c2-44dd-4725-a13b-bfab7dc0fbf1" testId="0b776fec-a2f6-f823-1e7f-ca6facbaf7a1" testName="covertLeadToClient1099SaleAgent" computerName="USER-PC" duration="00:00:18.1277365" startTime="2015-08-10T21:26:33.9908756+05:30" endTime="2015-08-10T21:26:52.1199125+05:30" testType="13cdc9d9-ddb5-4fa4-a97d-d965ccfc6d4b" outcome="Failed" testListId="8c84fa94-04c1-424b-9868-57a2d4851a1d" relativeResultsDirectory="3fc5d1c2-44dd-4725-a13b-bfab7dc0fbf1">
      <Output>
        <StdOut>Logged in as: dnelms16 / dnelms16</StdOut>
        <ErrorInfo>
          <Message>Assert.IsTrue failed. </Message>
          <StackTrace>   at PegasusTests.PageHelper.Comm.DriverTestCase.VerifyTitle(String title) in d:\pegqa\TestAutomationProject\PegasusTests\PageHelper\Comm\DriverTestCase.cs:line 107
   at PegasusTests.Scripts.ClientsTests.CovertLeadToClient1099SaleAgent.covertLeadToClient1099SaleAgent() in d:\pegqa\TestAutomationProject\PegasusTests\Scripts\1099SaleAgent\CovertLeadToClient1099SaleAgent.cs:line 45
</StackTrace>
        </ErrorInfo>
      </Output>
    </UnitTestResult>
    <UnitTestResult executionId="eb910d2e-45e5-41f2-9681-283d57fede3c" testId="47fd048a-c76e-e320-7b07-a8e3c3d2f99b" testName="covertOpportunitiesToLead1099SaleAgent" computerName="USER-PC" duration="00:00:20.6931087" startTime="2015-08-10T21:26:52.1199125+05:30" endTime="2015-08-10T21:27:12.8140961+05:30" testType="13cdc9d9-ddb5-4fa4-a97d-d965ccfc6d4b" outcome="Failed" testListId="8c84fa94-04c1-424b-9868-57a2d4851a1d" relativeResultsDirectory="eb910d2e-45e5-41f2-9681-283d57fede3c">
      <Output>
        <StdOut>Logged in as: dnelms16 / dnelms16</StdOut>
        <ErrorInfo>
          <Message>Assert.IsTrue failed. </Message>
          <StackTrace>   at PegasusTests.PageHelper.Comm.DriverTestCase.VerifyTitle(String title) in d:\pegqa\TestAutomationProject\PegasusTests\PageHelper\Comm\DriverTestCase.cs:line 107
   at PegasusTests.Scripts.ClientsTests.CovertOpportunitiesToLead1099SaleAgent.covertOpportunitiesToLead1099SaleAgent() in d:\pegqa\TestAutomationProject\PegasusTests\Scripts\1099SaleAgent\CovertOpportunitiesToLead1099SaleAgent.cs:line 37
</StackTrace>
        </ErrorInfo>
      </Output>
    </UnitTestResult>
    <UnitTestResult executionId="c2db6067-6856-4fde-8333-9447343121bd" testId="8f7e6d9d-4f84-b9f9-fcf2-70b2c43a6e7c" testName="editClient1099SaleAgent" computerName="USER-PC" duration="00:00:20.0152073" startTime="2015-08-10T21:27:12.8140961+05:30" endTime="2015-08-10T21:27:32.8302410+05:30" testType="13cdc9d9-ddb5-4fa4-a97d-d965ccfc6d4b" outcome="Failed" testListId="8c84fa94-04c1-424b-9868-57a2d4851a1d" relativeResultsDirectory="c2db6067-6856-4fde-8333-9447343121bd">
      <Output>
        <StdOut>Logged in as: dnelms16 / dnelms16</StdOut>
        <ErrorInfo>
          <Message>Assert.IsTrue failed. </Message>
          <StackTrace>   at PegasusTests.PageHelper.Comm.DriverTestCase.VerifyTitle(String title) in d:\pegqa\TestAutomationProject\PegasusTests\PageHelper\Comm\DriverTestCase.cs:line 107
   at PegasusTests.Scripts.ClientsTests.EditClient1099SaleAgent.editClient1099SaleAgent() in d:\pegqa\TestAutomationProject\PegasusTests\Scripts\1099SaleAgent\EditClient1099SaleAgent.cs:line 44
</StackTrace>
        </ErrorInfo>
      </Output>
    </UnitTestResult>
    <UnitTestResult executionId="8419c9bf-df68-4721-be7b-b1608d60d622" testId="c9c2ac7d-813d-0f45-2100-bc9ed43f7e6e" testName="edit1099SaleAgentLeads" computerName="USER-PC" duration="00:00:25.7168786" startTime="2015-08-10T21:27:32.8302410+05:30" endTime="2015-08-10T21:27:58.5477120+05:30" testType="13cdc9d9-ddb5-4fa4-a97d-d965ccfc6d4b" outcome="Failed" testListId="8c84fa94-04c1-424b-9868-57a2d4851a1d" relativeResultsDirectory="8419c9bf-df68-4721-be7b-b1608d60d622">
      <Output>
        <StdOut>Logged in as: dnelms16 / dnelms16</StdOut>
        <ErrorInfo>
          <Message>Assert.IsTrue failed. </Message>
          <StackTrace>   at PegasusTests.PageHelper.Comm.DriverTestCase.VerifyTitle(String title) in d:\pegqa\TestAutomationProject\PegasusTests\PageHelper\Comm\DriverTestCase.cs:line 107
   at PegasusTests.Scripts.ClientsTests.Edit1099SaleAgentLeads.edit1099SaleAgentLeads() in d:\pegqa\TestAutomationProject\PegasusTests\Scripts\1099SaleAgent\Edit1099SaleAgentLeads.cs:line 45
</StackTrace>
        </ErrorInfo>
      </Output>
    </UnitTestResult>
    <UnitTestResult executionId="21db7e7d-50e8-4ad8-a666-3d9b71bf0650" testId="1c98e8cb-2c21-68e1-4fbb-31a4b44a5e70" testName="edit1099SaleAgentOpportunities" computerName="USER-PC" duration="00:00:20.0869005" startTime="2015-08-10T21:27:58.5487120+05:30" endTime="2015-08-10T21:28:18.6358609+05:30" testType="13cdc9d9-ddb5-4fa4-a97d-d965ccfc6d4b" outcome="Failed" testListId="8c84fa94-04c1-424b-9868-57a2d4851a1d" relativeResultsDirectory="21db7e7d-50e8-4ad8-a666-3d9b71bf0650">
      <Output>
        <StdOut>Logged in as: dnelms16 / dnelms16</StdOut>
        <ErrorInfo>
          <Message>Assert.IsTrue failed. </Message>
          <StackTrace>   at PegasusTests.PageHelper.Comm.DriverTestCase.VerifyTitle(String title) in d:\pegqa\TestAutomationProject\PegasusTests\PageHelper\Comm\DriverTestCase.cs:line 107
   at PegasusTests.Scripts.ClientsTests.Edit1099SaleAgentOpportunities.edit1099SaleAgentOpportunities() in d:\pegqa\TestAutomationProject\PegasusTests\Scripts\1099SaleAgent\Edit1099SaleAgentOpportunities.cs:line 37
</StackTrace>
        </ErrorInfo>
      </Output>
    </UnitTestResult>
    <UnitTestResult executionId="c8859fac-9dc9-4128-885a-31ad867b1924" testId="a4c36a63-6d60-9932-2393-7b23fd064fa7" testName="importCSVOpportunities1099SaleAgent" computerName="USER-PC" duration="00:00:18.6759434" startTime="2015-08-10T21:28:18.6358609+05:30" endTime="2015-08-10T21:28:37.3129292+05:30" testType="13cdc9d9-ddb5-4fa4-a97d-d965ccfc6d4b" outcome="Failed" testListId="8c84fa94-04c1-424b-9868-57a2d4851a1d" relativeResultsDirectory="c8859fac-9dc9-4128-885a-31ad867b1924">
      <Output>
        <StdOut>Logged in as: dnelms16 / dnelms16</StdOut>
        <ErrorInfo>
          <Message>Assert.IsTrue failed. </Message>
          <StackTrace>   at PegasusTests.PageHelper.Comm.DriverTestCase.VerifyTitle(String title) in d:\pegqa\TestAutomationProject\PegasusTests\PageHelper\Comm\DriverTestCase.cs:line 107
   at PegasusTests.Scripts.ClientsTests.ImportCSVOpportunities1099SaleAgent.importCSVOpportunities1099SaleAgent() in d:\pegqa\TestAutomationProject\PegasusTests\Scripts\1099SaleAgent\ImportCSVOpportunities1099SaleAgent.cs:line 44
</StackTrace>
        </ErrorInfo>
      </Output>
    </UnitTestResult>
    <UnitTestResult executionId="5bc15b00-fc3b-44c3-8f18-f08ca59c2b45" testId="548eb0e3-21c4-4f0b-6b5a-58dc4d03c378" testName="importLeadCSV1099SaleAgent" computerName="USER-PC" duration="00:00:19.9092499" startTime="2015-08-10T21:28:37.3129292+05:30" endTime="2015-08-10T21:28:57.2230680+05:30" testType="13cdc9d9-ddb5-4fa4-a97d-d965ccfc6d4b" outcome="Failed" testListId="8c84fa94-04c1-424b-9868-57a2d4851a1d" relativeResultsDirectory="5bc15b00-fc3b-44c3-8f18-f08ca59c2b45">
      <Output>
        <StdOut>Logged in as: dnelms16 / dnelms16</StdOut>
        <ErrorInfo>
          <Message>Assert.IsTrue failed. </Message>
          <StackTrace>   at PegasusTests.PageHelper.Comm.DriverTestCase.VerifyTitle(String title) in d:\pegqa\TestAutomationProject\PegasusTests\PageHelper\Comm\DriverTestCase.cs:line 107
   at PegasusTests.Scripts.ClientsTests.ImportLeadCSV1099SaleAgent.importLeadCSV1099SaleAgent() in d:\pegqa\TestAutomationProject\PegasusTests\Scripts\1099SaleAgent\ImportLeadCSV1099SaleAgent.cs:line 44
</StackTrace>
        </ErrorInfo>
      </Output>
    </UnitTestResult>
    <UnitTestResult executionId="34f8f26d-a6d5-45c2-90a8-2b3d90963998" testId="eb95b563-6c8f-738d-73ea-9e48afb409f8" testName="importCSVClient1099SaleAgent" computerName="USER-PC" duration="00:00:21.0063562" startTime="2015-08-10T21:28:57.2230680+05:30" endTime="2015-08-10T21:29:18.2302695+05:30" testType="13cdc9d9-ddb5-4fa4-a97d-d965ccfc6d4b" outcome="Failed" testListId="8c84fa94-04c1-424b-9868-57a2d4851a1d" relativeResultsDirectory="34f8f26d-a6d5-45c2-90a8-2b3d90963998">
      <Output>
        <StdOut>Logged in as: dnelms16 / dnelms16</StdOut>
        <ErrorInfo>
          <Message>Assert.IsTrue failed. </Message>
          <StackTrace>   at PegasusTests.PageHelper.Comm.DriverTestCase.VerifyTitle(String title) in d:\pegqa\TestAutomationProject\PegasusTests\PageHelper\Comm\DriverTestCase.cs:line 107
   at PegasusTests.Scripts.ClientsTests.ImportCSVClient1099SaleAgent.importCSVClient1099SaleAgent() in d:\pegqa\TestAutomationProject\PegasusTests\Scripts\1099SaleAgent\ImportCSVClient1099SaleAgent.cs:line 44
</StackTrace>
        </ErrorInfo>
      </Output>
    </UnitTestResult>
    <UnitTestResult executionId="595429b7-b1e4-4fd0-b3c7-c410f5e0e04e" testId="f86c3330-00a8-424d-28ff-0ee2fe2002c8" testName="create1099SaleAgentLeads" computerName="USER-PC" duration="00:00:18.7884170" startTime="2015-08-10T21:29:18.2302695+05:30" endTime="2015-08-10T21:29:37.0203443+05:30" testType="13cdc9d9-ddb5-4fa4-a97d-d965ccfc6d4b" outcome="Failed" testListId="8c84fa94-04c1-424b-9868-57a2d4851a1d" relativeResultsDirectory="595429b7-b1e4-4fd0-b3c7-c410f5e0e04e">
      <Output>
        <StdOut>Logged in as: dnelms16 / dnelms16</StdOut>
        <ErrorInfo>
          <Message>Assert.IsTrue failed. </Message>
          <StackTrace>   at PegasusTests.PageHelper.Comm.DriverTestCase.VerifyTitle(String title) in d:\pegqa\TestAutomationProject\PegasusTests\PageHelper\Comm\DriverTestCase.cs:line 107
   at PegasusTests.Scripts.ClientsTests.Create1099SaleAgentLeads.create1099SaleAgentLeads() in d:\pegqa\TestAutomationProject\PegasusTests\Scripts\1099SaleAgent\Create1099SaleAgentLeads.cs:line 45
</StackTrace>
        </ErrorInfo>
      </Output>
    </UnitTestResult>
    <UnitTestResult executionId="0f20f64c-74af-4699-b79f-4af67372b4a8" testId="d24f2fae-89a0-1b3b-76b3-44baabcb5d6e" testName="verifyAllCompainesInClientOppLead" computerName="USER-PC" duration="00:00:18.9817126" startTime="2015-08-10T21:29:37.0203443+05:30" endTime="2015-08-10T21:29:56.0024300+05:30" testType="13cdc9d9-ddb5-4fa4-a97d-d965ccfc6d4b" outcome="Failed" testListId="8c84fa94-04c1-424b-9868-57a2d4851a1d" relativeResultsDirectory="0f20f64c-74af-4699-b79f-4af67372b4a8">
      <Output>
        <StdOut>Logged in as: dnelms16 / dnelms16</StdOut>
        <ErrorInfo>
          <Message>Assert.IsTrue failed. </Message>
          <StackTrace>   at PegasusTests.PageHelper.Comm.DriverTestCase.VerifyTitle(String title) in d:\pegqa\TestAutomationProject\PegasusTests\PageHelper\Comm\DriverTestCase.cs:line 107
   at PegasusTests.Scripts.ClientsTests.VerifyAllCompainesInClientOppLead.verifyAllCompainesInClientOppLead() in d:\pegqa\TestAutomationProject\PegasusTests\Scripts\1099SaleAgent\VerifyAllCompainesInClientOppLead.cs:line 37
</StackTrace>
        </ErrorInfo>
      </Output>
    </UnitTestResult>
    <UnitTestResult executionId="8f841a92-63fa-4ea1-a6fb-16f688598833" testId="648a1cba-e95b-959b-c7d9-e09e6e43f4f8" testName="create1099SaleAgentOpportunities" computerName="USER-PC" duration="00:00:18.8751676" startTime="2015-08-10T21:29:56.0024300+05:30" endTime="2015-08-10T21:30:14.8785096+05:30" testType="13cdc9d9-ddb5-4fa4-a97d-d965ccfc6d4b" outcome="Failed" testListId="8c84fa94-04c1-424b-9868-57a2d4851a1d" relativeResultsDirectory="8f841a92-63fa-4ea1-a6fb-16f688598833">
      <Output>
        <StdOut>Logged in as: dnelms16 / dnelms16</StdOut>
        <ErrorInfo>
          <Message>Assert.IsTrue failed. </Message>
          <StackTrace>   at PegasusTests.PageHelper.Comm.DriverTestCase.VerifyTitle(String title) in d:\pegqa\TestAutomationProject\PegasusTests\PageHelper\Comm\DriverTestCase.cs:line 107
   at PegasusTests.Scripts.ClientsTests.Create1099SaleAgentOpportunities.create1099SaleAgentOpportunities() in d:\pegqa\TestAutomationProject\PegasusTests\Scripts\1099SaleAgent\Create1099SaleAgentOpportunities.cs:line 37
</StackTrace>
        </ErrorInfo>
      </Output>
    </UnitTestResult>
    <UnitTestResult executionId="5ce85f02-9e0f-411c-b66a-b1f04be4bf1c" testId="a771f3bb-1db6-e6e4-01e7-f17c339df556" testName="addNotesAdmin" computerName="USER-PC" duration="00:01:06.5577091" startTime="2015-08-10T21:30:14.8785096+05:30" endTime="2015-08-10T21:31:21.4383166+05:30" testType="13cdc9d9-ddb5-4fa4-a97d-d965ccfc6d4b" outcome="Failed" testListId="8c84fa94-04c1-424b-9868-57a2d4851a1d" relativeResultsDirectory="5ce85f02-9e0f-411c-b66a-b1f04be4bf1c">
      <Output>
        <StdOut>Logged in as: AslamKhan / 1qaz!QAZ
Redirected at Dashboard screen.</StdOut>
        <ErrorInfo>
          <Message>Assert.IsTrue failed. </Message>
          <StackTrace>   at PegasusTests.PageHelper.Comm.DriverHelper.Click(String locator) in d:\pegqa\TestAutomationProject\PegasusTests\PageHelper\Comm\DriverHelper.cs:line 233
   at PegasusTests.PageHelper.AddNotesAdminHelper.ClickElement(String xmlNode) in d:\pegqa\TestAutomationProject\PegasusTests\PageHelper\AdminHelper\AddNotesAdminHelper.cs:line 57
   at PegasusTests.Scripts.ClientsTests.AddNotesAdmin.addNotesAdmin() in d:\pegqa\TestAutomationProject\PegasusTests\Scripts\Admin\AddNotesAdmin.cs:line 54
</StackTrace>
        </ErrorInfo>
      </Output>
    </UnitTestResult>
    <UnitTestResult executionId="2a690b74-e40e-4823-ae87-0268477ce197" testId="c0637c1d-f672-6fa8-3f85-f728e50bbc6c" testName="addDocumentAdmin" computerName="USER-PC" duration="00:01:08.5025305" startTime="2015-08-10T21:31:21.4383166+05:30" endTime="2015-08-10T21:32:29.9432349+05:30" testType="13cdc9d9-ddb5-4fa4-a97d-d965ccfc6d4b" outcome="Failed" testListId="8c84fa94-04c1-424b-9868-57a2d4851a1d" relativeResultsDirectory="2a690b74-e40e-4823-ae87-0268477ce197">
      <Output>
        <StdOut>Logged in as: AslamKhan / 1qaz!QAZ
Redirected at Dashboard screen.</StdOut>
        <ErrorInfo>
          <Message>Assert.IsTrue failed. </Message>
          <StackTrace>   at PegasusTests.PageHelper.Comm.DriverHelper.Click(String locator) in d:\pegqa\TestAutomationProject\PegasusTests\PageHelper\Comm\DriverHelper.cs:line 233
   at PegasusTests.PageHelper.AddDocumentAdminHelper.ClickElement(String xmlNode) in d:\pegqa\TestAutomationProject\PegasusTests\PageHelper\AdminHelper\AddDocumentAdminHelper.cs:line 57
   at PegasusTests.Scripts.ClientsTests.AddDocumentAdmin.addDocumentAdmin() in d:\pegqa\TestAutomationProject\PegasusTests\Scripts\Admin\AddDocumentAdmin.cs:line 49
</StackTrace>
        </ErrorInfo>
      </Output>
    </UnitTestResult>
    <UnitTestResult executionId="4832ae59-78f1-468b-8e54-290811802ef8" testId="f72bb24f-988c-3b43-a32f-158b98110281" testName="deleteVendor" computerName="USER-PC" duration="00:01:09.9886454" startTime="2015-08-10T21:32:29.9432349+05:30" endTime="2015-08-10T21:33:39.9332381+05:30" testType="13cdc9d9-ddb5-4fa4-a97d-d965ccfc6d4b" outcome="Failed" testListId="8c84fa94-04c1-424b-9868-57a2d4851a1d" relativeResultsDirectory="4832ae59-78f1-468b-8e54-290811802ef8">
      <Output>
        <StdOut>Logged in as: AslamKhan / 1qaz!QAZ
Redirected at Dashboard screen.</StdOut>
        <ErrorInfo>
          <Message>Assert.IsTrue failed. </Message>
          <StackTrace>   at PegasusTests.PageHelper.Comm.DriverHelper.Click(String locator) in d:\pegqa\TestAutomationProject\PegasusTests\PageHelper\Comm\DriverHelper.cs:line 233
   at PegasusTests.PageHelper.CreateVendorHelper.ClickElement(String xmlNode) in d:\pegqa\TestAutomationProject\PegasusTests\PageHelper\CreateVendorHelper.cs:line 50
   at PegasusTests.Scripts.Admin.DeleteVendor.deleteVendor() in d:\pegqa\TestAutomationProject\PegasusTests\Scripts\Admin\DeleteVendor.cs:line 45
</StackTrace>
        </ErrorInfo>
      </Output>
    </UnitTestResult>
    <UnitTestResult executionId="a800ace0-5e25-471c-a7c1-20f337ad5fcd" testId="cfb0f6ec-6ce9-745c-c7a5-163c7d6a42fb" testName="createClientSectionMasterData" computerName="USER-PC" duration="00:01:11.3630205" startTime="2015-08-10T21:33:39.9332381+05:30" endTime="2015-08-10T21:34:51.2983199+05:30" testType="13cdc9d9-ddb5-4fa4-a97d-d965ccfc6d4b" outcome="Failed" testListId="8c84fa94-04c1-424b-9868-57a2d4851a1d" relativeResultsDirectory="a800ace0-5e25-471c-a7c1-20f337ad5fcd">
      <Output>
        <StdOut>Logged in as: AslamKhan / 1qaz!QAZ
Redirected at Dashboard screen.</StdOut>
        <ErrorInfo>
          <Message>Assert.IsTrue failed. </Message>
          <StackTrace>   at PegasusTests.PageHelper.Comm.DriverHelper.Click(String locator) in d:\pegqa\TestAutomationProject\PegasusTests\PageHelper\Comm\DriverHelper.cs:line 233
   at PegasusTests.PageHelper.EditPrcingPlanHelperAdmin.ClickElement(String xmlNode) in d:\pegqa\TestAutomationProject\PegasusTests\PageHelper\AdminHelper\EditPrcingPlanHelperAdmin.cs:line 57
   at PegasusTests.Scripts.ClientsTests.CreateClientSectionMasterData.createClientSectionMasterData() in d:\pegqa\TestAutomationProject\PegasusTests\Scripts\Admin\CreateClientSectionMasterData.cs:line 65
</StackTrace>
        </ErrorInfo>
      </Output>
    </UnitTestResult>
    <UnitTestResult executionId="e3b5131f-6afd-4827-93f4-f3980e56f6a2" testId="b2792e2e-fd0d-2979-2990-af7b9f75f852" testName="createLeadsSectionMasterData" computerName="USER-PC" duration="00:01:39.1502276" startTime="2015-08-10T21:34:51.2983199+05:30" endTime="2015-08-10T21:36:30.4509911+05:30" testType="13cdc9d9-ddb5-4fa4-a97d-d965ccfc6d4b" outcome="Failed" testListId="8c84fa94-04c1-424b-9868-57a2d4851a1d" relativeResultsDirectory="e3b5131f-6afd-4827-93f4-f3980e56f6a2">
      <Output>
        <StdOut>Second URL: http://pegasus-test.info/selenium_corp/selenium_office
Logged in as: AslamKhan / 1qaz!QAZ
Redirected at Dashboard screen.</StdOut>
        <ErrorInfo>
          <Message>Assert.IsTrue failed. </Message>
          <StackTrace>   at PegasusTests.PageHelper.Comm.DriverHelper.Click(String locator) in d:\pegqa\TestAutomationProject\PegasusTests\PageHelper\Comm\DriverHelper.cs:line 233
   at PegasusTests.PageHelper.EditPrcingPlanHelperAdmin.ClickElement(String xmlNode) in d:\pegqa\TestAutomationProject\PegasusTests\PageHelper\AdminHelper\EditPrcingPlanHelperAdmin.cs:line 57
   at PegasusTests.Scripts.ClientsTests.CreateLeadsSectionMasterData.createLeadsSectionMasterData() in d:\pegqa\TestAutomationProject\PegasusTests\Scripts\Admin\CreateLeadsSectionMasterData.cs:line 56
</StackTrace>
        </ErrorInfo>
      </Output>
    </UnitTestResult>
    <UnitTestResult executionId="5e0ec70d-bef7-489b-94d9-afcbf3a2e96b" testId="4e87a394-78ea-6e75-6bbc-04fc2a824a8d" testName="createClientTabsMasterData" computerName="USER-PC" duration="00:01:12.0174672" startTime="2015-08-10T21:36:30.4519912+05:30" endTime="2015-08-10T21:37:42.4711105+05:30" testType="13cdc9d9-ddb5-4fa4-a97d-d965ccfc6d4b" outcome="Failed" testListId="8c84fa94-04c1-424b-9868-57a2d4851a1d" relativeResultsDirectory="5e0ec70d-bef7-489b-94d9-afcbf3a2e96b">
      <Output>
        <StdOut>Second URL: http://pegasus-test.info/selenium_corp/selenium_office
Logged in as: AslamKhan / 1qaz!QAZ
Redirected at Dashboard screen.</StdOut>
        <ErrorInfo>
          <Message>Assert.IsTrue failed. </Message>
          <StackTrace>   at PegasusTests.PageHelper.Comm.DriverHelper.Click(String locator) in d:\pegqa\TestAutomationProject\PegasusTests\PageHelper\Comm\DriverHelper.cs:line 233
   at PegasusTests.PageHelper.EditPrcingPlanHelperAdmin.ClickElement(String xmlNode) in d:\pegqa\TestAutomationProject\PegasusTests\PageHelper\AdminHelper\EditPrcingPlanHelperAdmin.cs:line 57
   at PegasusTests.Scripts.ClientsTests.CreateClientTabsMasterData.createClientTabsMasterData() in d:\pegqa\TestAutomationProject\PegasusTests\Scripts\Admin\CreateClientTabsMasterData.cs:line 58
</StackTrace>
        </ErrorInfo>
      </Output>
    </UnitTestResult>
    <UnitTestResult executionId="36073467-7737-4b47-9119-cf7397cd9c0d" testId="b781ea2d-3fa7-f022-b12b-7518aed4e80b" testName="createLeadsTabsMasterData" computerName="USER-PC" duration="00:01:16.7451416" startTime="2015-08-10T21:37:42.4711105+05:30" endTime="2015-08-10T21:38:59.2185002+05:30" testType="13cdc9d9-ddb5-4fa4-a97d-d965ccfc6d4b" outcome="Failed" testListId="8c84fa94-04c1-424b-9868-57a2d4851a1d" relativeResultsDirectory="36073467-7737-4b47-9119-cf7397cd9c0d">
      <Output>
        <StdOut>Second URL: http://pegasus-test.info/selenium_corp/selenium_office
Logged in as: AslamKhan / 1qaz!QAZ
Redirected at Dashboard screen.</StdOut>
        <ErrorInfo>
          <Message>Assert.IsTrue failed. </Message>
          <StackTrace>   at PegasusTests.PageHelper.Comm.DriverHelper.Click(String locator) in d:\pegqa\TestAutomationProject\PegasusTests\PageHelper\Comm\DriverHelper.cs:line 233
   at PegasusTests.PageHelper.EditPrcingPlanHelperAdmin.ClickElement(String xmlNode) in d:\pegqa\TestAutomationProject\PegasusTests\PageHelper\AdminHelper\EditPrcingPlanHelperAdmin.cs:line 57
   at PegasusTests.Scripts.ClientsTests.CreateLeadsTabsMasterData.createLeadsTabsMasterData() in d:\pegqa\TestAutomationProject\PegasusTests\Scripts\Admin\CreateLeadsTabsMasterData.cs:line 61
</StackTrace>
        </ErrorInfo>
      </Output>
    </UnitTestResult>
    <UnitTestResult executionId="2b648eeb-22f1-488e-aa9b-fde5cdf842ab" testId="388d959a-5d03-4ba2-ec94-49e207d35a92" testName="editPDFImportWizard" computerName="USER-PC" duration="00:01:22.4300289" startTime="2015-08-10T21:38:59.2185002+05:30" endTime="2015-08-10T21:40:21.6512150+05:30" testType="13cdc9d9-ddb5-4fa4-a97d-d965ccfc6d4b" outcome="Failed" testListId="8c84fa94-04c1-424b-9868-57a2d4851a1d" relativeResultsDirectory="2b648eeb-22f1-488e-aa9b-fde5cdf842ab">
      <Output>
        <StdOut>Logged in as: AslamKhan / 1qaz!QAZ
Redirected at Dashboard screen.</StdOut>
        <ErrorInfo>
          <Message>Assert.IsTrue failed. </Message>
          <StackTrace>   at PegasusTests.PageHelper.Comm.DriverHelper.Click(String locator) in d:\pegqa\TestAutomationProject\PegasusTests\PageHelper\Comm\DriverHelper.cs:line 233
   at PegasusTests.PageHelper.PDFImportWizardHelper.ClickElement(String xmlNode) in d:\pegqa\TestAutomationProject\PegasusTests\PageHelper\PDFImportWizardHelper.cs:line 56
   at PegasusTests.Scripts.ClientsTests.EditPDFImportWizard.editPDFImportWizard() in d:\pegqa\TestAutomationProject\PegasusTests\Scripts\Admin\EditPDFImportWizard.cs:line 53
</StackTrace>
        </ErrorInfo>
      </Output>
    </UnitTestResult>
    <UnitTestResult executionId="2ab373e8-3c5c-45b9-baed-d57e12163e58" testId="3ef6a145-6cdb-7d16-85c8-914d8ac1050f" testName="pDFImportWizard" computerName="USER-PC" duration="00:01:20.0391835" startTime="2015-08-10T21:40:21.6512150+05:30" endTime="2015-08-10T21:41:41.6927932+05:30" testType="13cdc9d9-ddb5-4fa4-a97d-d965ccfc6d4b" outcome="Failed" testListId="8c84fa94-04c1-424b-9868-57a2d4851a1d" relativeResultsDirectory="2ab373e8-3c5c-45b9-baed-d57e12163e58">
      <Output>
        <StdOut>Logged in as: AslamKhan / 1qaz!QAZ
Redirected at Dashboard screen.</StdOut>
        <ErrorInfo>
          <Message>Assert.IsTrue failed. </Message>
          <StackTrace>   at PegasusTests.PageHelper.Comm.DriverHelper.Click(String locator) in d:\pegqa\TestAutomationProject\PegasusTests\PageHelper\Comm\DriverHelper.cs:line 233
   at PegasusTests.PageHelper.PDFImportWizardHelper.ClickElement(String xmlNode) in d:\pegqa\TestAutomationProject\PegasusTests\PageHelper\PDFImportWizardHelper.cs:line 56
   at PegasusTests.Scripts.ClientsTests.PDFImportWizard.pDFImportWizard() in d:\pegqa\TestAutomationProject\PegasusTests\Scripts\Admin\PDFImportWizard.cs:line 53
</StackTrace>
        </ErrorInfo>
      </Output>
    </UnitTestResult>
    <UnitTestResult executionId="2fcd5cb4-4a24-4833-977e-7f939b7a082a" testId="7961822f-678f-5674-a904-a5bb09b936af" testName="sendVerificationOfficeUser" computerName="USER-PC" duration="00:01:14.9602049" startTime="2015-08-10T21:41:41.6927932+05:30" endTime="2015-08-10T21:42:56.6550808+05:30" testType="13cdc9d9-ddb5-4fa4-a97d-d965ccfc6d4b" outcome="Failed" testListId="8c84fa94-04c1-424b-9868-57a2d4851a1d" relativeResultsDirectory="2fcd5cb4-4a24-4833-977e-7f939b7a082a">
      <Output>
        <StdOut>Logged in as: AslamKhan / 1qaz!QAZ
Redirected at Dashboard screen.</StdOut>
        <ErrorInfo>
          <Message>Assert.IsTrue failed. </Message>
          <StackTrace>   at PegasusTests.PageHelper.Comm.DriverHelper.Click(String locator) in d:\pegqa\TestAutomationProject\PegasusTests\PageHelper\Comm\DriverHelper.cs:line 233
   at PegasusTests.PageHelper.ResetPasswordOfficeUserAdminHelper.ClickElement(String xmlNode) in d:\pegqa\TestAutomationProject\PegasusTests\PageHelper\AdminHelper\ResetPasswordOfficeUserAdminHelper.cs:line 57
   at PegasusTests.Scripts.ClientsTests.SendVerificationOfficeUser.sendVerificationOfficeUser() in d:\pegqa\TestAutomationProject\PegasusTests\Scripts\Admin\SendVerificationOfficeUser.cs:line 54
</StackTrace>
        </ErrorInfo>
      </Output>
    </UnitTestResult>
    <UnitTestResult executionId="2fc835bd-0d6d-4cf3-b8de-80acbfbca723" testId="efe6a825-39bd-2033-8402-8c8b5885a109" testName="resetPasswordOfficeUser" computerName="USER-PC" duration="00:01:56.6227657" startTime="2015-08-10T21:42:56.6550808+05:30" endTime="2015-08-10T21:44:53.2807514+05:30" testType="13cdc9d9-ddb5-4fa4-a97d-d965ccfc6d4b" outcome="Failed" testListId="8c84fa94-04c1-424b-9868-57a2d4851a1d" relativeResultsDirectory="2fc835bd-0d6d-4cf3-b8de-80acbfbca723">
      <Output>
        <StdOut>Logged in as: AslamKhan / 1qaz!QAZ
Redirected at Dashboard screen.</StdOut>
        <ErrorInfo>
          <Message>Assert.IsTrue failed. </Message>
          <StackTrace>   at PegasusTests.PageHelper.Comm.DriverHelper.Click(String locator) in d:\pegqa\TestAutomationProject\PegasusTests\PageHelper\Comm\DriverHelper.cs:line 233
   at PegasusTests.PageHelper.ResetPasswordOfficeUserAdminHelper.ClickElement(String xmlNode) in d:\pegqa\TestAutomationProject\PegasusTests\PageHelper\AdminHelper\ResetPasswordOfficeUserAdminHelper.cs:line 57
   at PegasusTests.Scripts.ClientsTests.ResetPasswordOfficeUser.resetPasswordOfficeUser() in d:\pegqa\TestAutomationProject\PegasusTests\Scripts\Admin\ResetPasswordOfficeUser.cs:line 54
</StackTrace>
        </ErrorInfo>
      </Output>
    </UnitTestResult>
    <UnitTestResult executionId="ad301ad0-86c3-4a9a-a8d8-d34535bb6aa6" testId="9db6b81e-8fd2-b76a-e77b-2dadb0a8d54d" testName="editPricingPlanAdmin" computerName="USER-PC" duration="00:01:35.2539818" startTime="2015-08-10T21:44:53.2807514+05:30" endTime="2015-08-10T21:46:28.5371997+05:30" testType="13cdc9d9-ddb5-4fa4-a97d-d965ccfc6d4b" outcome="Failed" testListId="8c84fa94-04c1-424b-9868-57a2d4851a1d" relativeResultsDirectory="ad301ad0-86c3-4a9a-a8d8-d34535bb6aa6">
      <Output>
        <StdOut>Logged in as: AslamKhan / 1qaz!QAZ
Redirected at Dashboard screen.</StdOut>
        <ErrorInfo>
          <Message>Assert.IsTrue failed. </Message>
          <StackTrace>   at PegasusTests.PageHelper.Comm.DriverHelper.Click(String locator) in d:\pegqa\TestAutomationProject\PegasusTests\PageHelper\Comm\DriverHelper.cs:line 233
   at PegasusTests.PageHelper.EditPrcingPlanHelperAdmin.ClickElement(String xmlNode) in d:\pegqa\TestAutomationProject\PegasusTests\PageHelper\AdminHelper\EditPrcingPlanHelperAdmin.cs:line 57
   at PegasusTests.Scripts.ClientsTests.EditPricingPlanAdmin.editPricingPlanAdmin() in d:\pegqa\TestAutomationProject\PegasusTests\Scripts\Admin\EditPricingPlanAdmin.cs:line 54
</StackTrace>
        </ErrorInfo>
      </Output>
    </UnitTestResult>
    <UnitTestResult executionId="775c652c-9a35-479b-a66f-76bd5fa1eada" testId="a8c75908-ddb6-1db2-d0ba-4ed86c0e0e1c" testName="editDepartmentOffice" computerName="USER-PC" duration="00:01:53.4294916" startTime="2015-08-10T21:46:28.5381998+05:30" endTime="2015-08-10T21:48:21.9696877+05:30" testType="13cdc9d9-ddb5-4fa4-a97d-d965ccfc6d4b" outcome="Failed" testListId="8c84fa94-04c1-424b-9868-57a2d4851a1d" relativeResultsDirectory="775c652c-9a35-479b-a66f-76bd5fa1eada">
      <Output>
        <StdOut>Logged in as: AslamKhan / 1qaz!QAZ
Redirected at Dashboard screen.</StdOut>
        <ErrorInfo>
          <Message>Assert.IsTrue failed. </Message>
          <StackTrace>   at PegasusTests.PageHelper.Comm.DriverHelper.Click(String locator) in d:\pegqa\TestAutomationProject\PegasusTests\PageHelper\Comm\DriverHelper.cs:line 233
   at PegasusTests.PageHelper.EditDepartmentHelper.ClickElement(String xmlNode) in d:\pegqa\TestAutomationProject\PegasusTests\PageHelper\AdminHelper\EditDepartmentHelper.cs:line 57
   at PegasusTests.Scripts.ClientsTests.EditDepartmentOffice.editDepartmentOffice() in d:\pegqa\TestAutomationProject\PegasusTests\Scripts\Admin\EditDepartmentOffice.cs:line 54
</StackTrace>
        </ErrorInfo>
      </Output>
    </UnitTestResult>
    <UnitTestResult executionId="5d689505-4214-4b4c-8eb4-fd50e98107b4" testId="8c11438e-5f1c-d5e5-c11f-9bcfbcbfb539" testName="editIframeIntegration" computerName="USER-PC" duration="00:01:34.3021591" startTime="2015-08-10T21:48:21.9706877+05:30" endTime="2015-08-10T21:49:56.2750817+05:30" testType="13cdc9d9-ddb5-4fa4-a97d-d965ccfc6d4b" outcome="Failed" testListId="8c84fa94-04c1-424b-9868-57a2d4851a1d" relativeResultsDirectory="5d689505-4214-4b4c-8eb4-fd50e98107b4">
      <Output>
        <StdOut>Logged in as: AslamKhan / 1qaz!QAZ
Redirected at Dashboard screen.</StdOut>
        <ErrorInfo>
          <Message>Assert.IsTrue failed. </Message>
          <StackTrace>   at PegasusTests.PageHelper.Comm.DriverHelper.Click(String locator) in d:\pegqa\TestAutomationProject\PegasusTests\PageHelper\Comm\DriverHelper.cs:line 233
   at PegasusTests.PageHelper.EditIframeAdminHelper.ClickElement(String xmlNode) in d:\pegqa\TestAutomationProject\PegasusTests\PageHelper\AdminHelper\EditIframeAdminHelper.cs:line 57
   at PegasusTests.Scripts.ClientsTests.EditIframeIntegration.editIframeIntegration() in d:\pegqa\TestAutomationProject\PegasusTests\Scripts\Admin\EditIframeIntegration.cs:line 53
</StackTrace>
        </ErrorInfo>
      </Output>
    </UnitTestResult>
    <UnitTestResult executionId="4f227f4f-54c4-4dea-bdd9-568af70b9bf1" testId="cb77648c-7227-f42f-ea63-16ebd87b0329" testName="createRatesAndFeesAdmin" computerName="USER-PC" duration="00:02:45.6224747" startTime="2015-08-10T21:49:56.2750817+05:30" endTime="2015-08-10T21:52:41.9015549+05:30" testType="13cdc9d9-ddb5-4fa4-a97d-d965ccfc6d4b" outcome="Failed" testListId="8c84fa94-04c1-424b-9868-57a2d4851a1d" relativeResultsDirectory="4f227f4f-54c4-4dea-bdd9-568af70b9bf1">
      <Output>
        <StdOut>Logged in as: AslamKhan / 1qaz!QAZ
Redirected at Dashboard screen.</StdOut>
        <ErrorInfo>
          <Message>Assert.IsTrue failed. </Message>
          <StackTrace>   at PegasusTests.PageHelper.Comm.DriverHelper.Click(String locator) in d:\pegqa\TestAutomationProject\PegasusTests\PageHelper\Comm\DriverHelper.cs:line 233
   at PegasusTests.PageHelper.CreateRatesAndFeesAdminHelper.ClickElement(String xmlNode) in d:\pegqa\TestAutomationProject\PegasusTests\PageHelper\AdminHelper\CreateRatesAndFeesAdminHelper.cs:line 57
   at PegasusTests.Scripts.ClientsTests.CreateRatesAndFeesAdmin.createRatesAndFeesAdmin() in d:\pegqa\TestAutomationProject\PegasusTests\Scripts\Admin\CreateRatesAndFeesAdmin.cs:line 51
</StackTrace>
        </ErrorInfo>
      </Output>
    </UnitTestResult>
    <UnitTestResult executionId="77651fe2-d8d5-4f2f-9e37-32155d7c169c" testId="41bdd9db-f1be-28f2-1c70-9ac0e9297039" testName="viewSendEmailAdmin" computerName="USER-PC" duration="00:01:16.9873973" startTime="2015-08-10T21:52:41.9015549+05:30" endTime="2015-08-10T21:53:58.8909585+05:30" testType="13cdc9d9-ddb5-4fa4-a97d-d965ccfc6d4b" outcome="Failed" testListId="8c84fa94-04c1-424b-9868-57a2d4851a1d" relativeResultsDirectory="77651fe2-d8d5-4f2f-9e37-32155d7c169c">
      <Output>
        <StdOut>Logged in as: AslamKhan / 1qaz!QAZ
Redirected at Dashboard screen.</StdOut>
        <ErrorInfo>
          <Message>Assert.IsTrue failed. </Message>
          <StackTrace>   at PegasusTests.PageHelper.Comm.DriverHelper.Click(String locator) in d:\pegqa\TestAutomationProject\PegasusTests\PageHelper\Comm\DriverHelper.cs:line 233
   at PegasusTests.PageHelper.EditEmailAdminHelper.ClickElement(String xmlNode) in d:\pegqa\TestAutomationProject\PegasusTests\PageHelper\AdminHelper\EditEmailAdminHelper.cs:line 57
   at PegasusTests.Scripts.ClientsTests.ViewSendEmailAdmin.viewSendEmailAdmin() in d:\pegqa\TestAutomationProject\PegasusTests\Scripts\Admin\ViewSendEmailAdmin.cs:line 54
</StackTrace>
        </ErrorInfo>
      </Output>
    </UnitTestResult>
    <UnitTestResult executionId="d18df533-26dc-462b-a322-f093158d5f80" testId="6e9f5d23-2e28-868d-db40-1911d5df9da8" testName="sendEmailAdmin" computerName="USER-PC" duration="00:01:31.9616001" startTime="2015-08-10T21:53:58.8919585+05:30" endTime="2015-08-10T21:55:30.8552185+05:30" testType="13cdc9d9-ddb5-4fa4-a97d-d965ccfc6d4b" outcome="Failed" testListId="8c84fa94-04c1-424b-9868-57a2d4851a1d" relativeResultsDirectory="d18df533-26dc-462b-a322-f093158d5f80">
      <Output>
        <StdOut>Logged in as: AslamKhan / 1qaz!QAZ
Redirected at Dashboard screen.</StdOut>
        <ErrorInfo>
          <Message>Assert.IsTrue failed. </Message>
          <StackTrace>   at PegasusTests.PageHelper.Comm.DriverHelper.Click(String locator) in d:\pegqa\TestAutomationProject\PegasusTests\PageHelper\Comm\DriverHelper.cs:line 233
   at PegasusTests.PageHelper.SendEmailAdminHelper.ClickElement(String xmlNode) in d:\pegqa\TestAutomationProject\PegasusTests\PageHelper\AdminHelper\SendEmailAdminHelper.cs:line 57
   at PegasusTests.Scripts.ClientsTests.SendEmailAdmin.sendEmailAdmin() in d:\pegqa\TestAutomationProject\PegasusTests\Scripts\Admin\SendEmailAdmin.cs:line 54
</StackTrace>
        </ErrorInfo>
      </Output>
    </UnitTestResult>
    <UnitTestResult executionId="4978e2bf-bad6-4b02-8032-469175a2c1e9" testId="d0bebc65-f4fa-af8b-e0d2-05b40daf4c87" testName="editNewMeeting" computerName="USER-PC" duration="00:02:02.3702297" startTime="2015-08-10T21:55:30.8562186+05:30" endTime="2015-08-10T21:57:33.2292179+05:30" testType="13cdc9d9-ddb5-4fa4-a97d-d965ccfc6d4b" outcome="Failed" testListId="8c84fa94-04c1-424b-9868-57a2d4851a1d" relativeResultsDirectory="4978e2bf-bad6-4b02-8032-469175a2c1e9">
      <Output>
        <StdOut>Logged in as: AslamKhan / 1qaz!QAZ
Redirected at Dashboard screen.</StdOut>
        <ErrorInfo>
          <Message>Assert.IsTrue failed. </Message>
          <StackTrace>   at PegasusTests.PageHelper.Comm.DriverHelper.Click(String locator) in d:\pegqa\TestAutomationProject\PegasusTests\PageHelper\Comm\DriverHelper.cs:line 233
   at PegasusTests.PageHelper.EditNewMeetingAdminHelper.ClickElement(String xmlNode) in d:\pegqa\TestAutomationProject\PegasusTests\PageHelper\AdminHelper\EditNewMeetingAdminHelper.cs:line 57
   at PegasusTests.Scripts.ClientsTests.EditNewMeeting.editNewMeeting() in d:\pegqa\TestAutomationProject\PegasusTests\Scripts\Admin\EditNewMeeting.cs:line 54
</StackTrace>
        </ErrorInfo>
      </Output>
    </UnitTestResult>
    <UnitTestResult executionId="c0915242-8955-448a-9dca-7cab4369c481" testId="9bfe4665-9ab1-3e46-343e-9a00c4adbced" testName="newMeetingAdmin" computerName="USER-PC" duration="00:01:09.0505506" startTime="2015-08-10T21:57:33.2292179+05:30" endTime="2015-08-10T21:58:42.2811675+05:30" testType="13cdc9d9-ddb5-4fa4-a97d-d965ccfc6d4b" outcome="Failed" testListId="8c84fa94-04c1-424b-9868-57a2d4851a1d" relativeResultsDirectory="c0915242-8955-448a-9dca-7cab4369c481">
      <Output>
        <StdOut>Logged in as: AslamKhan / 1qaz!QAZ
Redirected at Dashboard screen.</StdOut>
        <ErrorInfo>
          <Message>Assert.IsTrue failed. </Message>
          <StackTrace>   at PegasusTests.PageHelper.Comm.DriverHelper.Click(String locator) in d:\pegqa\TestAutomationProject\PegasusTests\PageHelper\Comm\DriverHelper.cs:line 233
   at PegasusTests.PageHelper.NewMeetingAdminHelper.ClickElement(String xmlNode) in d:\pegqa\TestAutomationProject\PegasusTests\PageHelper\AdminHelper\NewMeetingAdminHelper.cs:line 57
   at PegasusTests.Scripts.ClientsTests.NewMeetingAdmin.newMeetingAdmin() in d:\pegqa\TestAutomationProject\PegasusTests\Scripts\Admin\NewMeetingAdmin.cs:line 54
</StackTrace>
        </ErrorInfo>
      </Output>
    </UnitTestResult>
    <UnitTestResult executionId="aa421f9f-7d63-414d-9f8f-10d6f2681e32" testId="afce73ee-a588-ccf1-fcca-4853aba2fc38" testName="editNewTask" computerName="USER-PC" duration="00:01:20.8004548" startTime="2015-08-10T21:58:42.2821675+05:30" endTime="2015-08-10T22:00:03.0847892+05:30" testType="13cdc9d9-ddb5-4fa4-a97d-d965ccfc6d4b" outcome="Failed" testListId="8c84fa94-04c1-424b-9868-57a2d4851a1d" relativeResultsDirectory="aa421f9f-7d63-414d-9f8f-10d6f2681e32">
      <Output>
        <StdOut>Logged in as: AslamKhan / 1qaz!QAZ
Redirected at Dashboard screen.</StdOut>
        <ErrorInfo>
          <Message>Assert.IsTrue failed. </Message>
          <StackTrace>   at PegasusTests.PageHelper.Comm.DriverHelper.Click(String locator) in d:\pegqa\TestAutomationProject\PegasusTests\PageHelper\Comm\DriverHelper.cs:line 233
   at PegasusTests.PageHelper.EditNewTaskAdminHelper.ClickElement(String xmlNode) in d:\pegqa\TestAutomationProject\PegasusTests\PageHelper\AdminHelper\EditNewTaskAdminHelper.cs:line 57
   at PegasusTests.Scripts.ClientsTests.EditNewTask.editNewTask() in d:\pegqa\TestAutomationProject\PegasusTests\Scripts\Admin\EditNewTask.cs:line 54
</StackTrace>
        </ErrorInfo>
      </Output>
    </UnitTestResult>
    <UnitTestResult executionId="22057306-678d-4904-b94e-8bf1f159f137" testId="2ee955ab-0aad-78d1-b0ae-7df1d253f8b5" testName="createNewTaskAdmin" computerName="USER-PC" duration="00:01:45.9298296" startTime="2015-08-10T22:00:03.0847892+05:30" endTime="2015-08-10T22:01:49.0178482+05:30" testType="13cdc9d9-ddb5-4fa4-a97d-d965ccfc6d4b" outcome="Failed" testListId="8c84fa94-04c1-424b-9868-57a2d4851a1d" relativeResultsDirectory="22057306-678d-4904-b94e-8bf1f159f137">
      <Output>
        <StdOut>Logged in as: AslamKhan / 1qaz!QAZ
Redirected at Dashboard screen.</StdOut>
        <ErrorInfo>
          <Message>Assert.IsTrue failed. </Message>
          <StackTrace>   at PegasusTests.PageHelper.Comm.DriverHelper.Click(String locator) in d:\pegqa\TestAutomationProject\PegasusTests\PageHelper\Comm\DriverHelper.cs:line 233
   at PegasusTests.PageHelper.NewTaskAdminHelper.ClickElement(String xmlNode) in d:\pegqa\TestAutomationProject\PegasusTests\PageHelper\AdminHelper\NewTaskAdminHelper.cs:line 57
   at PegasusTests.Scripts.ClientsTests.CreateNewTaskAdmin.createNewTaskAdmin() in d:\pegqa\TestAutomationProject\PegasusTests\Scripts\Admin\CreateNewTaskAdmin.cs:line 54
</StackTrace>
        </ErrorInfo>
      </Output>
    </UnitTestResult>
    <UnitTestResult executionId="551b6a1f-107d-426d-8a0e-34e4e0ffa0a6" testId="b6c4f62d-fa46-344a-7812-5ffe0ca1743e" testName="editNotesAdmin" computerName="USER-PC" duration="00:01:06.2165614" startTime="2015-08-10T22:01:49.0178482+05:30" endTime="2015-08-10T22:02:55.2356356+05:30" testType="13cdc9d9-ddb5-4fa4-a97d-d965ccfc6d4b" outcome="Failed" testListId="8c84fa94-04c1-424b-9868-57a2d4851a1d" relativeResultsDirectory="551b6a1f-107d-426d-8a0e-34e4e0ffa0a6">
      <Output>
        <StdOut>Logged in as: AslamKhan / 1qaz!QAZ
Redirected at Dashboard screen.</StdOut>
        <ErrorInfo>
          <Message>Assert.IsTrue failed. </Message>
          <StackTrace>   at PegasusTests.PageHelper.Comm.DriverHelper.Click(String locator) in d:\pegqa\TestAutomationProject\PegasusTests\PageHelper\Comm\DriverHelper.cs:line 233
   at PegasusTests.PageHelper.EditAddNotesAdminHelper.ClickElement(String xmlNode) in d:\pegqa\TestAutomationProject\PegasusTests\PageHelper\AdminHelper\EditAddNotesAdminHelper.cs:line 57
   at PegasusTests.Scripts.ClientsTests.EditNotesAdmin.editNotesAdmin() in d:\pegqa\TestAutomationProject\PegasusTests\Scripts\Admin\EditNotesAdmin.cs:line 54
</StackTrace>
        </ErrorInfo>
      </Output>
    </UnitTestResult>
    <UnitTestResult executionId="b0f17ece-6fec-4e98-a902-36f8a6e6a807" testId="3d62c0a4-6403-3cdf-9081-3e638f24e9d8" testName="editEquipment" computerName="USER-PC" duration="00:01:06.8127344" startTime="2015-08-10T22:02:55.2366357+05:30" endTime="2015-08-10T22:04:02.0504572+05:30" testType="13cdc9d9-ddb5-4fa4-a97d-d965ccfc6d4b" outcome="Failed" testListId="8c84fa94-04c1-424b-9868-57a2d4851a1d" relativeResultsDirectory="b0f17ece-6fec-4e98-a902-36f8a6e6a807">
      <Output>
        <StdOut>Logged in as: AslamKhan / 1qaz!QAZ
Redirected at Dashboard screen.</StdOut>
        <ErrorInfo>
          <Message>Assert.IsTrue failed. </Message>
          <StackTrace>   at PegasusTests.PageHelper.Comm.DriverHelper.Click(String locator) in d:\pegqa\TestAutomationProject\PegasusTests\PageHelper\Comm\DriverHelper.cs:line 233
   at PegasusTests.PageHelper.EditEquipmentAdminHelper.ClickElement(String xmlNode) in d:\pegqa\TestAutomationProject\PegasusTests\PageHelper\AdminHelper\EditEquipmentAdminHelper.cs:line 57
   at PegasusTests.Scripts.ClientsTests.EditEquipment.editEquipment() in d:\pegqa\TestAutomationProject\PegasusTests\Scripts\Admin\EditEquipment.cs:line 54
</StackTrace>
        </ErrorInfo>
      </Output>
    </UnitTestResult>
    <UnitTestResult executionId="002e2b84-5591-4013-88db-9c9bdef3d1d4" testId="7514df2c-13cf-e9df-04e2-8ac441203afd" testName="createEquipments" computerName="USER-PC" duration="00:01:09.2730038" startTime="2015-08-10T22:04:02.0504572+05:30" endTime="2015-08-10T22:05:11.3254195+05:30" testType="13cdc9d9-ddb5-4fa4-a97d-d965ccfc6d4b" outcome="Failed" testListId="8c84fa94-04c1-424b-9868-57a2d4851a1d" relativeResultsDirectory="002e2b84-5591-4013-88db-9c9bdef3d1d4">
      <Output>
        <StdOut>Logged in as: AslamKhan / 1qaz!QAZ
Redirected at Dashboard screen.</StdOut>
        <ErrorInfo>
          <Message>Assert.IsTrue failed. </Message>
          <StackTrace>   at PegasusTests.PageHelper.Comm.DriverHelper.Click(String locator) in d:\pegqa\TestAutomationProject\PegasusTests\PageHelper\Comm\DriverHelper.cs:line 233
   at PegasusTests.PageHelper.CreateEquipmentAdminHelper.ClickElement(String xmlNode) in d:\pegqa\TestAutomationProject\PegasusTests\PageHelper\AdminHelper\CreateEquipmentAdminHelper.cs:line 50
   at PegasusTests.Scripts.ClientsTests.CreateEquipments.createEquipments() in d:\pegqa\TestAutomationProject\PegasusTests\Scripts\Admin\CreateEquipments.cs:line 54
</StackTrace>
        </ErrorInfo>
      </Output>
    </UnitTestResult>
    <UnitTestResult executionId="312373f8-ca50-4ba8-99c5-29b551f96d17" testId="5ca045f6-44b7-6b2b-7bb1-9d718f9fdc30" testName="editDownloadIds" computerName="USER-PC" duration="00:01:07.1466292" startTime="2015-08-10T22:05:11.3264196+05:30" endTime="2015-08-10T22:06:18.4742602+05:30" testType="13cdc9d9-ddb5-4fa4-a97d-d965ccfc6d4b" outcome="Failed" testListId="8c84fa94-04c1-424b-9868-57a2d4851a1d" relativeResultsDirectory="312373f8-ca50-4ba8-99c5-29b551f96d17">
      <Output>
        <StdOut>Logged in as: AslamKhan / 1qaz!QAZ
Redirected at Dashboard screen.</StdOut>
        <ErrorInfo>
          <Message>Assert.IsTrue failed. </Message>
          <StackTrace>   at PegasusTests.PageHelper.Comm.DriverHelper.Click(String locator) in d:\pegqa\TestAutomationProject\PegasusTests\PageHelper\Comm\DriverHelper.cs:line 233
   at PegasusTests.PageHelper.EditDownloadIdsHelper.ClickElement(String xmlNode) in d:\pegqa\TestAutomationProject\PegasusTests\PageHelper\AdminHelper\EditDownloadIdsHelper.cs:line 57
   at PegasusTests.Scripts.ClientsTests.EditDownloadIds.editDownloadIds() in d:\pegqa\TestAutomationProject\PegasusTests\Scripts\Admin\EditDownloadIds.cs:line 54
</StackTrace>
        </ErrorInfo>
      </Output>
    </UnitTestResult>
    <UnitTestResult executionId="68c50479-c33e-4edf-a4e3-34d60c3f16fb" testId="e37eaedf-50d8-e5ef-128a-2e0b1db615e2" testName="editShippingCarriers" computerName="USER-PC" duration="00:01:21.7656662" startTime="2015-08-10T22:06:18.4752603+05:30" endTime="2015-08-10T22:07:40.2439372+05:30" testType="13cdc9d9-ddb5-4fa4-a97d-d965ccfc6d4b" outcome="Failed" testListId="8c84fa94-04c1-424b-9868-57a2d4851a1d" relativeResultsDirectory="68c50479-c33e-4edf-a4e3-34d60c3f16fb">
      <Output>
        <StdOut>Logged in as: AslamKhan / 1qaz!QAZ
Redirected at Dashboard screen.</StdOut>
        <ErrorInfo>
          <Message>Assert.IsTrue failed. </Message>
          <StackTrace>   at PegasusTests.PageHelper.Comm.DriverHelper.Click(String locator) in d:\pegqa\TestAutomationProject\PegasusTests\PageHelper\Comm\DriverHelper.cs:line 233
   at PegasusTests.PageHelper.EditShippingCarrierHelper.ClickElement(String xmlNode) in d:\pegqa\TestAutomationProject\PegasusTests\PageHelper\AdminHelper\EditShippingCarrierHelper.cs:line 57
   at PegasusTests.Scripts.ClientsTests.EditShippingCarriers.editShippingCarriers() in d:\pegqa\TestAutomationProject\PegasusTests\Scripts\Admin\EditShippingCarriers.cs:line 53
</StackTrace>
        </ErrorInfo>
      </Output>
    </UnitTestResult>
    <UnitTestResult executionId="0d01cc4b-1bcc-4176-8e22-83f030c08f32" testId="ad688757-ac0d-7155-c13f-c5720bbaf750" testName="editProductCategories" computerName="USER-PC" duration="00:01:06.1331684" startTime="2015-08-10T22:07:40.2439372+05:30" endTime="2015-08-10T22:08:46.3787199+05:30" testType="13cdc9d9-ddb5-4fa4-a97d-d965ccfc6d4b" outcome="Failed" testListId="8c84fa94-04c1-424b-9868-57a2d4851a1d" relativeResultsDirectory="0d01cc4b-1bcc-4176-8e22-83f030c08f32">
      <Output>
        <StdOut>Logged in as: AslamKhan / 1qaz!QAZ
Redirected at Dashboard screen.</StdOut>
        <ErrorInfo>
          <Message>Assert.IsTrue failed. </Message>
          <StackTrace>   at PegasusTests.PageHelper.Comm.DriverHelper.Click(String locator) in d:\pegqa\TestAutomationProject\PegasusTests\PageHelper\Comm\DriverHelper.cs:line 233
   at PegasusTests.PageHelper.CreateProductsCategoryHelper.ClickElement(String xmlNode) in d:\pegqa\TestAutomationProject\PegasusTests\PageHelper\CreateProductsCategoryHelper.cs:line 50
   at PegasusTests.Scripts.ClientsTests.EditProductCategories.editProductCategories() in d:\pegqa\TestAutomationProject\PegasusTests\Scripts\Admin\EditProductCategories.cs:line 53
</StackTrace>
        </ErrorInfo>
      </Output>
    </UnitTestResult>
    <UnitTestResult executionId="2d4001c5-622a-4a4f-ae11-a417d050b1f3" testId="219eb49f-ecb5-ec1f-81c5-0809faec76b7" testName="editProducts" computerName="USER-PC" duration="00:01:16.5853396" startTime="2015-08-10T22:08:46.3787199+05:30" endTime="2015-08-10T22:10:02.9661004+05:30" testType="13cdc9d9-ddb5-4fa4-a97d-d965ccfc6d4b" outcome="Failed" testListId="8c84fa94-04c1-424b-9868-57a2d4851a1d" relativeResultsDirectory="2d4001c5-622a-4a4f-ae11-a417d050b1f3">
      <Output>
        <StdOut>Logged in as: AslamKhan / 1qaz!QAZ
Redirected at Dashboard screen.</StdOut>
        <ErrorInfo>
          <Message>Assert.IsTrue failed. </Message>
          <StackTrace>   at PegasusTests.PageHelper.Comm.DriverHelper.Click(String locator) in d:\pegqa\TestAutomationProject\PegasusTests\PageHelper\Comm\DriverHelper.cs:line 233
   at PegasusTests.PageHelper.EditProductsHelperAdmin.ClickElement(String xmlNode) in d:\pegqa\TestAutomationProject\PegasusTests\PageHelper\AdminHelper\EditProductsHelperAdmin.cs:line 57
   at PegasusTests.Scripts.ClientsTests.EditProducts.editProducts() in d:\pegqa\TestAutomationProject\PegasusTests\Scripts\Admin\EditProducts.cs:line 53
</StackTrace>
        </ErrorInfo>
      </Output>
    </UnitTestResult>
    <UnitTestResult executionId="1f3627f7-a541-410e-878c-b76de752a07e" testId="1314e3d5-b5cd-529d-9e47-2cbdecfcb69a" testName="createSystemSchedular" computerName="USER-PC" duration="00:01:07.3678498" startTime="2015-08-10T22:10:02.9661004+05:30" endTime="2015-08-10T22:11:10.3359538+05:30" testType="13cdc9d9-ddb5-4fa4-a97d-d965ccfc6d4b" outcome="Failed" testListId="8c84fa94-04c1-424b-9868-57a2d4851a1d" relativeResultsDirectory="1f3627f7-a541-410e-878c-b76de752a07e">
      <Output>
        <StdOut>Logged in as: AslamKhan / 1qaz!QAZ
Redirected at Dashboard screen.</StdOut>
        <ErrorInfo>
          <Message>Assert.IsTrue failed. </Message>
          <StackTrace>   at PegasusTests.PageHelper.Comm.DriverHelper.Click(String locator) in d:\pegqa\TestAutomationProject\PegasusTests\PageHelper\Comm\DriverHelper.cs:line 233
   at PegasusTests.PageHelper.CreateSystemSchedularHelper.ClickElement(String xmlNode) in d:\pegqa\TestAutomationProject\PegasusTests\PageHelper\AdminHelper\CreateSystemSchedularHelper.cs:line 57
   at PegasusTests.Scripts.ClientsTests.CreateSystemSchedular.createSystemSchedular() in d:\pegqa\TestAutomationProject\PegasusTests\Scripts\Admin\CreateSystemSchedular.cs:line 54
</StackTrace>
        </ErrorInfo>
      </Output>
    </UnitTestResult>
    <UnitTestResult executionId="1ba0af5d-d95a-4eb8-af01-9a37b12a98cb" testId="5405a815-87a0-bc5b-eafb-f4ef78ae58c0" testName="createOmahaAuthGrip" computerName="USER-PC" duration="00:01:08.1784326" startTime="2015-08-10T22:11:10.3369538+05:30" endTime="2015-08-10T22:12:18.5168535+05:30" testType="13cdc9d9-ddb5-4fa4-a97d-d965ccfc6d4b" outcome="Failed" testListId="8c84fa94-04c1-424b-9868-57a2d4851a1d" relativeResultsDirectory="1ba0af5d-d95a-4eb8-af01-9a37b12a98cb">
      <Output>
        <StdOut>Logged in as: AslamKhan / 1qaz!QAZ
Redirected at Dashboard screen.</StdOut>
        <ErrorInfo>
          <Message>Assert.IsTrue failed. </Message>
          <StackTrace>   at PegasusTests.PageHelper.Comm.DriverHelper.Click(String locator) in d:\pegqa\TestAutomationProject\PegasusTests\PageHelper\Comm\DriverHelper.cs:line 233
   at PegasusTests.PageHelper.CreateOmahaAuthGripHelper.ClickElement(String xmlNode) in d:\pegqa\TestAutomationProject\PegasusTests\PageHelper\CreateOmahaAuthGripHelper.cs:line 57
   at PegasusTests.Scripts.ClientsTests.CreateOmahaAuthGrip.createOmahaAuthGrip() in d:\pegqa\TestAutomationProject\PegasusTests\Scripts\Admin\CreateOmahaAuthGrip.cs:line 54
</StackTrace>
        </ErrorInfo>
      </Output>
    </UnitTestResult>
    <UnitTestResult executionId="171f537f-11ba-4f28-969e-dda6f8e7b7e5" testId="b48476c2-2032-d43e-7048-725cc526318f" testName="createAdminProcessor" computerName="USER-PC" duration="00:01:07.5746508" startTime="2015-08-10T22:12:18.5168535+05:30" endTime="2015-08-10T22:13:26.0937187+05:30" testType="13cdc9d9-ddb5-4fa4-a97d-d965ccfc6d4b" outcome="Failed" testListId="8c84fa94-04c1-424b-9868-57a2d4851a1d" relativeResultsDirectory="171f537f-11ba-4f28-969e-dda6f8e7b7e5">
      <Output>
        <StdOut>Logged in as: AslamKhan / 1qaz!QAZ
Redirected at Dashboard screen.</StdOut>
        <ErrorInfo>
          <Message>Assert.IsTrue failed. </Message>
          <StackTrace>   at PegasusTests.PageHelper.Comm.DriverHelper.Click(String locator) in d:\pegqa\TestAutomationProject\PegasusTests\PageHelper\Comm\DriverHelper.cs:line 233
   at PegasusTests.PageHelper.CreateAdminProcessorHelper.ClickElement(String xmlNode) in d:\pegqa\TestAutomationProject\PegasusTests\PageHelper\CreateAdminProcessorHelper.cs:line 57
   at PegasusTests.Scripts.ClientsTests.CreateAdminProcessor.createAdminProcessor() in d:\pegqa\TestAutomationProject\PegasusTests\Scripts\Admin\CreateAdminProcessor.cs:line 54
</StackTrace>
        </ErrorInfo>
      </Output>
    </UnitTestResult>
    <UnitTestResult executionId="877ddf71-aa74-4ba5-9614-07955c908c3f" testId="90434917-c3c3-98a9-1b62-303bc3fb4c9b" testName="createMerchantTypeAdmin" computerName="USER-PC" duration="00:01:12.1337555" startTime="2015-08-10T22:13:26.0937187+05:30" endTime="2015-08-10T22:14:38.2298446+05:30" testType="13cdc9d9-ddb5-4fa4-a97d-d965ccfc6d4b" outcome="Failed" testListId="8c84fa94-04c1-424b-9868-57a2d4851a1d" relativeResultsDirectory="877ddf71-aa74-4ba5-9614-07955c908c3f">
      <Output>
        <StdOut>Logged in as: AslamKhan / 1qaz!QAZ
Redirected at Dashboard screen.</StdOut>
        <ErrorInfo>
          <Message>Assert.IsTrue failed. </Message>
          <StackTrace>   at PegasusTests.PageHelper.Comm.DriverHelper.Click(String locator) in d:\pegqa\TestAutomationProject\PegasusTests\PageHelper\Comm\DriverHelper.cs:line 233
   at PegasusTests.PageHelper.CreateMerchantTypeAdminHelper.ClickElement(String xmlNode) in d:\pegqa\TestAutomationProject\PegasusTests\PageHelper\AdminHelper\CreateMerchantTypeAdminHelper.cs:line 57
   at PegasusTests.Scripts.ClientsTests.CreateMerchantTypeAdmin.createMerchantTypeAdmin() in d:\pegqa\TestAutomationProject\PegasusTests\Scripts\Admin\CreateMerchantTypeAdmin.cs:line 53
</StackTrace>
        </ErrorInfo>
      </Output>
    </UnitTestResult>
    <UnitTestResult executionId="fae64871-c9dc-4dc8-a82b-56eb6c4b28e6" testId="eb06d663-e2bd-0152-32ef-41c80c26d0c3" testName="createPricingPlanAdmin" computerName="USER-PC" duration="00:01:05.9183182" startTime="2015-08-10T22:14:38.2298446+05:30" endTime="2015-08-10T22:15:44.1496150+05:30" testType="13cdc9d9-ddb5-4fa4-a97d-d965ccfc6d4b" outcome="Failed" testListId="8c84fa94-04c1-424b-9868-57a2d4851a1d" relativeResultsDirectory="fae64871-c9dc-4dc8-a82b-56eb6c4b28e6">
      <Output>
        <StdOut>Logged in as: AslamKhan / 1qaz!QAZ
Redirected at Dashboard screen.</StdOut>
        <ErrorInfo>
          <Message>Assert.IsTrue failed. </Message>
          <StackTrace>   at PegasusTests.PageHelper.Comm.DriverHelper.Click(String locator) in d:\pegqa\TestAutomationProject\PegasusTests\PageHelper\Comm\DriverHelper.cs:line 233
   at PegasusTests.PageHelper.CreatePrcingPlanHelperAdmin.ClickElement(String xmlNode) in d:\pegqa\TestAutomationProject\PegasusTests\PageHelper\AdminHelper\CreatePrcingPlanHelperAdmin.cs:line 57
   at PegasusTests.Scripts.ClientsTests.CreatePricingPlanAdmin.createPricingPlanAdmin() in d:\pegqa\TestAutomationProject\PegasusTests\Scripts\Admin\CreatePricingPlanAdmin.cs:line 53
</StackTrace>
        </ErrorInfo>
      </Output>
    </UnitTestResult>
    <UnitTestResult executionId="4e9bd721-47a9-4759-862d-33f9033e8a79" testId="76ff5c95-614a-b070-4107-b9df772820bd" testName="createIframeIntegration" computerName="USER-PC" duration="00:01:07.0737500" startTime="2015-08-10T22:15:44.1496150+05:30" endTime="2015-08-10T22:16:51.2254515+05:30" testType="13cdc9d9-ddb5-4fa4-a97d-d965ccfc6d4b" outcome="Failed" testListId="8c84fa94-04c1-424b-9868-57a2d4851a1d" relativeResultsDirectory="4e9bd721-47a9-4759-862d-33f9033e8a79">
      <Output>
        <StdOut>Logged in as: AslamKhan / 1qaz!QAZ
Redirected at Dashboard screen.</StdOut>
        <ErrorInfo>
          <Message>Assert.IsTrue failed. </Message>
          <StackTrace>   at PegasusTests.PageHelper.Comm.DriverHelper.Click(String locator) in d:\pegqa\TestAutomationProject\PegasusTests\PageHelper\Comm\DriverHelper.cs:line 233
   at PegasusTests.PageHelper.CreateIframeAdminHelper.ClickElement(String xmlNode) in d:\pegqa\TestAutomationProject\PegasusTests\PageHelper\AdminHelper\CreateIframeAdminHelper.cs:line 57
   at PegasusTests.Scripts.ClientsTests.CreateIframeIntegration.createIframeIntegration() in d:\pegqa\TestAutomationProject\PegasusTests\Scripts\Admin\CreateIframeIntegration.cs:line 53
</StackTrace>
        </ErrorInfo>
      </Output>
    </UnitTestResult>
    <UnitTestResult executionId="9f8ddf7e-265b-4699-964f-b75120640395" testId="7407b576-15fa-1515-b38c-98835ca20038" testName="createAPICodesIntegration" computerName="USER-PC" duration="00:01:07.4287813" startTime="2015-08-10T22:16:51.2254515+05:30" endTime="2015-08-10T22:17:58.6563084+05:30" testType="13cdc9d9-ddb5-4fa4-a97d-d965ccfc6d4b" outcome="Failed" testListId="8c84fa94-04c1-424b-9868-57a2d4851a1d" relativeResultsDirectory="9f8ddf7e-265b-4699-964f-b75120640395">
      <Output>
        <StdOut>Logged in as: AslamKhan / 1qaz!QAZ
Redirected at Dashboard screen.</StdOut>
        <ErrorInfo>
          <Message>Assert.IsTrue failed. </Message>
          <StackTrace>   at PegasusTests.PageHelper.Comm.DriverHelper.Click(String locator) in d:\pegqa\TestAutomationProject\PegasusTests\PageHelper\Comm\DriverHelper.cs:line 233
   at PegasusTests.PageHelper.CreateAPICodesAdminHelper.ClickElement(String xmlNode) in d:\pegqa\TestAutomationProject\PegasusTests\PageHelper\AdminHelper\CreateAPICodesAdminHelper.cs:line 57
   at PegasusTests.Scripts.ClientsTests.CreateAPICodesIntegration.createAPICodesIntegration() in d:\pegqa\TestAutomationProject\PegasusTests\Scripts\Admin\CreateAPICodesIntegration.cs:line 53
</StackTrace>
        </ErrorInfo>
      </Output>
    </UnitTestResult>
    <UnitTestResult executionId="2560b113-a950-4903-92f9-9bde9fbb46c9" testId="17fdd1fe-270c-64a6-d739-d781e7095dd1" testName="createGroups" computerName="USER-PC" duration="00:01:06.9484837" startTime="2015-08-10T22:17:58.6563084+05:30" endTime="2015-08-10T22:19:05.6071377+05:30" testType="13cdc9d9-ddb5-4fa4-a97d-d965ccfc6d4b" outcome="Failed" testListId="8c84fa94-04c1-424b-9868-57a2d4851a1d" relativeResultsDirectory="2560b113-a950-4903-92f9-9bde9fbb46c9">
      <Output>
        <StdOut>Logged in as: AslamKhan / 1qaz!QAZ
Redirected at Dashboard screen.</StdOut>
        <ErrorInfo>
          <Message>Assert.IsTrue failed. </Message>
          <StackTrace>   at PegasusTests.PageHelper.Comm.DriverHelper.Click(String locator) in d:\pegqa\TestAutomationProject\PegasusTests\PageHelper\Comm\DriverHelper.cs:line 233
   at PegasusTests.PageHelper.CreateOfficeGrpAdminHelper.ClickElement(String xmlNode) in d:\pegqa\TestAutomationProject\PegasusTests\PageHelper\AdminHelper\CreateOfficeGrpAdminHelper.cs:line 50
   at PegasusTests.Scripts.Admin.CreateGroups.createGroups() in d:\pegqa\TestAutomationProject\PegasusTests\Scripts\Admin\CreateGroups.cs:line 49
</StackTrace>
        </ErrorInfo>
      </Output>
    </UnitTestResult>
    <UnitTestResult executionId="6c2954ef-8ab0-42ca-8358-387684c332e2" testId="b8a8044d-978a-8a80-66f9-bcc498c286f3" testName="createOfficeTeams" computerName="USER-PC" duration="00:01:07.1205139" startTime="2015-08-10T22:19:05.6071377+05:30" endTime="2015-08-10T22:20:12.7289769+05:30" testType="13cdc9d9-ddb5-4fa4-a97d-d965ccfc6d4b" outcome="Failed" testListId="8c84fa94-04c1-424b-9868-57a2d4851a1d" relativeResultsDirectory="6c2954ef-8ab0-42ca-8358-387684c332e2">
      <Output>
        <StdOut>Logged in as: AslamKhan / 1qaz!QAZ
Redirected at Dashboard screen.</StdOut>
        <ErrorInfo>
          <Message>Assert.IsTrue failed. </Message>
          <StackTrace>   at PegasusTests.PageHelper.Comm.DriverHelper.Click(String locator) in d:\pegqa\TestAutomationProject\PegasusTests\PageHelper\Comm\DriverHelper.cs:line 233
   at PegasusTests.PageHelper.CreateOfficeTeamAdmin.ClickElement(String xmlNode) in d:\pegqa\TestAutomationProject\PegasusTests\PageHelper\AdminHelper\CreateOfficeTeamAdmin.cs:line 50
   at PegasusTests.Scripts.Admin.CreateOfficeTeams.createOfficeTeams() in d:\pegqa\TestAutomationProject\PegasusTests\Scripts\Admin\CreateOfficeTeams.cs:line 49
</StackTrace>
        </ErrorInfo>
      </Output>
    </UnitTestResult>
    <UnitTestResult executionId="9eaa144f-4af3-471c-bdde-2f0d9f8844fe" testId="1570d631-e7ea-d1ff-8029-9c3057b97dcb" testName="createOfficeRoles" computerName="USER-PC" duration="00:01:05.1288407" startTime="2015-08-10T22:20:12.7289769+05:30" endTime="2015-08-10T22:21:17.8597021+05:30" testType="13cdc9d9-ddb5-4fa4-a97d-d965ccfc6d4b" outcome="Failed" testListId="8c84fa94-04c1-424b-9868-57a2d4851a1d" relativeResultsDirectory="9eaa144f-4af3-471c-bdde-2f0d9f8844fe">
      <Output>
        <StdOut>Logged in as: AslamKhan / 1qaz!QAZ
Redirected at Dashboard screen.</StdOut>
        <ErrorInfo>
          <Message>Assert.IsTrue failed. </Message>
          <StackTrace>   at PegasusTests.PageHelper.Comm.DriverHelper.Click(String locator) in d:\pegqa\TestAutomationProject\PegasusTests\PageHelper\Comm\DriverHelper.cs:line 233
   at PegasusTests.PageHelper.CreateOfficeRoleAdminHelper.ClickElement(String xmlNode) in d:\pegqa\TestAutomationProject\PegasusTests\PageHelper\AdminHelper\CreateOfficeRoleAdminHelper.cs:line 50
   at PegasusTests.Scripts.Admin.CreateOfficeRoles.createOfficeRoles() in d:\pegqa\TestAutomationProject\PegasusTests\Scripts\Admin\CreateOfficeRoles.cs:line 49
</StackTrace>
        </ErrorInfo>
      </Output>
    </UnitTestResult>
    <UnitTestResult executionId="f1420e99-115d-4755-ae8a-99dd25d168e9" testId="b7060749-cc7c-f6d3-3481-8c42e21b3071" testName="createDepartmentOffice" computerName="USER-PC" duration="00:01:05.9282427" startTime="2015-08-10T22:21:17.8607022+05:30" endTime="2015-08-10T22:22:23.7904732+05:30" testType="13cdc9d9-ddb5-4fa4-a97d-d965ccfc6d4b" outcome="Failed" testListId="8c84fa94-04c1-424b-9868-57a2d4851a1d" relativeResultsDirectory="f1420e99-115d-4755-ae8a-99dd25d168e9">
      <Output>
        <StdOut>Logged in as: AslamKhan / 1qaz!QAZ
Redirected at Dashboard screen.</StdOut>
        <ErrorInfo>
          <Message>Assert.IsTrue failed. </Message>
          <StackTrace>   at PegasusTests.PageHelper.Comm.DriverHelper.Click(String locator) in d:\pegqa\TestAutomationProject\PegasusTests\PageHelper\Comm\DriverHelper.cs:line 233
[...]
    <TestEntry testId="3bf1f67f-56fe-4ab9-a6d1-3742f2b88458" executionId="36aaf763-3533-4337-b2df-b1396868c6b8" testListId="8c84fa94-04c1-424b-9868-57a2d4851a1d" />
    <TestEntry testId="9d14163f-a33f-5a69-5cb4-95392f8885a9" executionId="ad6199cf-6b51-4bb4-a828-944b3ffd6b88" testListId="8c84fa94-04c1-424b-9868-57a2d4851a1d" />
    <TestEntry testId="b3a309c3-4b0f-b95f-84fb-a672f71c8117" executionId="4d6abad8-9c4f-4e5f-915b-3662bc238cd8" testListId="8c84fa94-04c1-424b-9868-57a2d4851a1d" />
    <TestEntry testId="2b2ff2a0-d18a-936c-78b6-912708f9def8" executionId="354acc32-76e3-465c-bfad-3a5a0f4348c1" testListId="8c84fa94-04c1-424b-9868-57a2d4851a1d" />
    <TestEntry testId="6dd6b4cc-b9a8-1bfc-6f51-9eb8e9a18b5d" executionId="46b26d97-92f3-4d94-ab61-3b0c3de3ccec" testListId="8c84fa94-04c1-424b-9868-57a2d4851a1d" />
    <TestEntry testId="ef4cb727-4e00-2133-605a-8880fdedee85" executionId="54bf6e5a-fdf9-469d-931e-cdb43220d339" testListId="8c84fa94-04c1-424b-9868-57a2d4851a1d" />
    <TestEntry testId="18c8a7fd-1b91-c4f1-6465-295fe4bd5b9b" executionId="3d75157a-fde8-4f68-91cb-7b7b8f3ff660" testListId="8c84fa94-04c1-424b-9868-57a2d4851a1d" />
    <TestEntry testId="5d9ea8b3-6dc7-ab1b-24be-fbaa4de47d4d" executionId="6450b604-5b92-467b-9f11-63ce0cce97a8" testListId="8c84fa94-04c1-424b-9868-57a2d4851a1d" />
    <TestEntry testId="013bb3b9-f54f-af71-f57a-0e9f903312cc" executionId="3d0653db-b214-4bde-80fa-a06b9a38cf46" testListId="8c84fa94-04c1-424b-9868-57a2d4851a1d" />
    <TestEntry testId="1a7353f5-0f2e-c0bd-ae8c-61bb1377d85c" executionId="f8905c6a-f852-4263-becd-5e04bbbf17b6" testListId="8c84fa94-04c1-424b-9868-57a2d4851a1d" />
    <TestEntry testId="ee410044-577b-a48f-59ad-f81a64e6b4d9" executionId="d687163d-3e73-4cd5-a1f4-2173eed5edeb" testListId="8c84fa94-04c1-424b-9868-57a2d4851a1d" />
    <TestEntry testId="ab67de6c-d2af-9902-681a-bf7322aecca4" executionId="1c96af05-d2c9-422b-8008-fe33fb9cb80c" testListId="8c84fa94-04c1-424b-9868-57a2d4851a1d" />
    <TestEntry testId="c69b2184-df15-00ab-64cc-b218ddd932c4" executionId="0108c107-e72a-4168-90ed-dc6ac50cebdb" testListId="8c84fa94-04c1-424b-9868-57a2d4851a1d" />
    <TestEntry testId="24f85850-2210-7afa-d3f8-e442442d48f4" executionId="42d6783f-3d54-4c2d-b1bb-bd2ed928be74" testListId="8c84fa94-04c1-424b-9868-57a2d4851a1d" />
    <TestEntry testId="aa78569e-da34-4e6a-85e3-beb44d4c9019" executionId="0a0993b7-ead7-4a47-b3ca-62f79a2479ba" testListId="8c84fa94-04c1-424b-9868-57a2d4851a1d" />
    <TestEntry testId="26c90cae-fb17-bbca-c8f8-b6d06929fbff" executionId="6ed93907-2f27-4b74-bbc5-970eb6cab6a9" testListId="8c84fa94-04c1-424b-9868-57a2d4851a1d" />
    <TestEntry testId="793ec49a-211f-8c5d-3588-685d5b39825e" executionId="827197f9-28b1-4113-9f83-7ddf83724672" testListId="8c84fa94-04c1-424b-9868-57a2d4851a1d" />
    <TestEntry testId="da0422e3-b65e-6829-79be-1cf5ec6f16a7" executionId="6c6f047f-20d7-4152-b4f5-83cc5278328e" testListId="8c84fa94-04c1-424b-9868-57a2d4851a1d" />
    <TestEntry testId="40c577b8-10c6-3216-b930-d3680d5b592e" executionId="f2651ce0-b77d-44dc-8ef2-d941c82c8776" testListId="8c84fa94-04c1-424b-9868-57a2d4851a1d" />
    <TestEntry testId="1df0c91e-8940-2b80-ff62-9b619d2c7211" executionId="0e2d6565-58aa-4358-aac1-c0fff19aa684" testListId="8c84fa94-04c1-424b-9868-57a2d4851a1d" />
    <TestEntry testId="e9f307bd-fa73-7570-9c85-c7e02107d868" executionId="c2d4d8e8-a718-4ddc-a925-6bd2aba289d7" testListId="8c84fa94-04c1-424b-9868-57a2d4851a1d" />
    <TestEntry testId="600b2423-9ad2-c0ad-1531-a44a7fa836e0" executionId="6894d4c3-819e-495e-9756-79140e4d3705" testListId="8c84fa94-04c1-424b-9868-57a2d4851a1d" />
    <TestEntry testId="deb4c152-5137-8025-47ab-2b1492adf7a5" executionId="aeb66c15-d084-4561-b12a-e59c6eaf95e5" testListId="8c84fa94-04c1-424b-9868-57a2d4851a1d" />
    <TestEntry testId="78c1bc75-920c-f715-6e6c-a2a1eecc25ef" executionId="86609c4d-46ed-4d01-bb83-73e1eecba1e8" testListId="8c84fa94-04c1-424b-9868-57a2d4851a1d" />
    <TestEntry testId="7d44110a-b462-aed2-e6e5-010fe7c4c9b6" executionId="ded1bdf4-2d0d-460e-a4eb-57011d21555b" testListId="8c84fa94-04c1-424b-9868-57a2d4851a1d" />
    <TestEntry testId="18698c55-995c-1ef0-35bb-fa298f6c8ac3" executionId="26cf262a-856f-418f-8685-527e057701d9" testListId="8c84fa94-04c1-424b-9868-57a2d4851a1d" />
    <TestEntry testId="9fd001f3-c6c1-1930-aa21-108347d59a42" executionId="9f73ca09-4ff6-4120-bd84-0a68bcf3b912" testListId="8c84fa94-04c1-424b-9868-57a2d4851a1d" />
    <TestEntry testId="7a170954-c454-2991-a308-fd88b2a4a618" executionId="5d130241-3dee-47f6-b298-1467128ea5c6" testListId="8c84fa94-04c1-424b-9868-57a2d4851a1d" />
    <TestEntry testId="7df66986-444a-4ee4-fa75-e242461b029a" executionId="f22c73fb-60a9-494a-b237-d717190f378d" testListId="8c84fa94-04c1-424b-9868-57a2d4851a1d" />
    <TestEntry testId="e3349a80-72da-5993-16f5-7d7ace3ca358" executionId="bf2873e5-9f90-4312-b9ee-8f3a671863bd" testListId="8c84fa94-04c1-424b-9868-57a2d4851a1d" />
    <TestEntry testId="3d8e31e1-bb9c-99dc-a4dc-caefa06bdb17" executionId="33d14a47-d67d-4581-9a6c-aa646366472b" testListId="8c84fa94-04c1-424b-9868-57a2d4851a1d" />
    <TestEntry testId="3c9a0942-4a69-ff0d-2430-9da906261fa9" executionId="6b42a9a3-b4d0-4596-95fc-6c5843dc16f7" testListId="8c84fa94-04c1-424b-9868-57a2d4851a1d" />
    <TestEntry testId="f963723c-69c5-d98e-f2b7-66c84d0ef571" executionId="19e52afe-ab86-4c85-8e64-e1254d196042" testListId="8c84fa94-04c1-424b-9868-57a2d4851a1d" />
    <TestEntry testId="d92b19d9-fdbf-ff75-6ddb-e6687f2925b2" executionId="dcebdb69-4d30-43ce-b63c-200fe655267b" testListId="8c84fa94-04c1-424b-9868-57a2d4851a1d" />
    <TestEntry testId="10f5d51b-13d5-2ace-1b40-88e4885c0a0b" executionId="695dffd6-69cb-413b-955d-85e4000c63cc" testListId="8c84fa94-04c1-424b-9868-57a2d4851a1d" />
    <TestEntry testId="d88bd7d2-8d38-8f6a-8bdf-b2aa6c86f783" executionId="6ae87509-1cfb-4f02-8083-7ec7af83bbee" testListId="8c84fa94-04c1-424b-9868-57a2d4851a1d" />
    <TestEntry testId="a53e6525-87bd-37fd-ea0f-55a5bfffa523" executionId="10b6b57d-993e-47d8-ab0d-54ac2cd02742" testListId="8c84fa94-04c1-424b-9868-57a2d4851a1d" />
    <TestEntry testId="f4b03900-22f4-35c9-c034-ec16ec3c2e1d" executionId="82e1456d-634d-4de1-b453-44356a37d457" testListId="8c84fa94-04c1-424b-9868-57a2d4851a1d" />
    <TestEntry testId="0140ca1e-d7df-61d7-0e5e-96c0eaefd780" executionId="29a34c9f-747d-41db-913a-4ae62dc21ea2" testListId="8c84fa94-04c1-424b-9868-57a2d4851a1d" />
    <TestEntry testId="2f9b893c-3fc9-a6f7-df2f-a3475076b715" executionId="0b1ffa04-7ce9-497a-a46f-ca6225ba06d6" testListId="8c84fa94-04c1-424b-9868-57a2d4851a1d" />
    <TestEntry testId="9197fdf9-bb8d-6a49-8867-67f3700c3b50" executionId="fa848499-1193-4139-adf6-dfe4dcad8610" testListId="8c84fa94-04c1-424b-9868-57a2d4851a1d" />
    <TestEntry testId="ce8f631d-a4bd-0798-efdf-26c9533ababd" executionId="ae7ae455-476d-47f6-bbf4-806a50365911" testListId="8c84fa94-04c1-424b-9868-57a2d4851a1d" />
    <TestEntry testId="6e69eb07-d95e-ed5b-e439-0a6d19067e3d" executionId="3859265f-a6e4-4d38-908b-405cafa410c6" testListId="8c84fa94-04c1-424b-9868-57a2d4851a1d" />
    <TestEntry testId="65c1e37b-d8fd-1b09-1a97-c921dd96bb57" executionId="963cbbac-0475-4ae0-b22a-892d3e5f3192" testListId="8c84fa94-04c1-424b-9868-57a2d4851a1d" />
    <TestEntry testId="f402cbe4-efcf-8a82-f35b-fc6e0c004c32" executionId="82d440f9-0259-4c25-aeb6-83dd0e99e065" testListId="8c84fa94-04c1-424b-9868-57a2d4851a1d" />
    <TestEntry testId="af0010d2-89e3-4ac2-cef5-1301f3cdbce0" executionId="046024b3-265a-4c1d-b847-5e58dc8bcb35" testListId="8c84fa94-04c1-424b-9868-57a2d4851a1d" />
    <TestEntry testId="f05c8d9c-2414-18ef-025e-39dcc970e9fd" executionId="d116eb7a-1215-4d11-a7b3-a697763c3c81" testListId="8c84fa94-04c1-424b-9868-57a2d4851a1d" />
    <TestEntry testId="96f0ce2e-3131-59a9-686e-d4448af92ee1" executionId="17282665-18f7-4159-8c61-b0d5f8c1d95b" testListId="8c84fa94-04c1-424b-9868-57a2d4851a1d" />
    <TestEntry testId="8785145b-0c97-2398-30be-2ae245b47618" executionId="7d7a845b-080e-44a1-9496-c70c92df630b" testListId="8c84fa94-04c1-424b-9868-57a2d4851a1d" />
    <TestEntry testId="b9b5cb07-d8d5-f72c-0385-77579d867391" executionId="f32a7770-f060-42d5-8b34-a22e23c5cc16" testListId="8c84fa94-04c1-424b-9868-57a2d4851a1d" />
    <TestEntry testId="132b0dfc-e1db-fd53-ae03-eb4bf9164062" executionId="77d32477-db55-4060-ad68-5d5b9f66bf3d" testListId="8c84fa94-04c1-424b-9868-57a2d4851a1d" />
    <TestEntry testId="5dcb25ce-f333-3371-a25b-dde656ce504f" executionId="0db8e9a9-a42d-4e26-9386-3c581cb348fd" testListId="8c84fa94-04c1-424b-9868-57a2d4851a1d" />
    <TestEntry testId="b1d5e4eb-ed41-a498-560b-b06e89b4b54a" executionId="673bccc5-5f63-4552-b1d1-49eee9657299" testListId="8c84fa94-04c1-424b-9868-57a2d4851a1d" />
    <TestEntry testId="c324e651-44c1-cfcf-fa88-3fbad7cc5d32" executionId="3964dfa2-aee7-4063-a7ba-2ae03a55d44c" testListId="8c84fa94-04c1-424b-9868-57a2d4851a1d" />
    <TestEntry testId="377822cc-3174-f5a3-a3bb-3efec62fcd8d" executionId="21f5e193-8166-4848-aa13-cef67d3a7770" testListId="8c84fa94-04c1-424b-9868-57a2d4851a1d" />
    <TestEntry testId="9c33e055-9744-9e4b-1dad-f5dde395f625" executionId="0011e6fb-3c80-4fa5-a9a8-0932a273a075" testListId="8c84fa94-04c1-424b-9868-57a2d4851a1d" />
    <TestEntry testId="da0d5727-be04-2809-98e7-209be39ea364" executionId="9dc5da2b-4b3e-403d-9301-a37d0c3ad629" testListId="8c84fa94-04c1-424b-9868-57a2d4851a1d" />
    <TestEntry testId="490bab27-ccdf-de3f-fce1-7b7b394e0af5" executionId="494b7639-d2a9-4d55-82f2-5fb0f0af34b3" testListId="8c84fa94-04c1-424b-9868-57a2d4851a1d" />
    <TestEntry testId="18e80da7-d049-773c-0921-0cebe4d5b0e0" executionId="176d438e-3c18-44cc-8439-37dc7d0bb379" testListId="8c84fa94-04c1-424b-9868-57a2d4851a1d" />
    <TestEntry testId="5e5ad2f2-a2df-1305-282c-7ce122e6ef96" executionId="dd866afb-2124-4312-a6c2-d960af017e0c" testListId="8c84fa94-04c1-424b-9868-57a2d4851a1d" />
    <TestEntry testId="e235584f-f90c-510d-f58e-dc48c5e83c0d" executionId="e51d0ee7-6ba1-47de-83a0-35da854d0293" testListId="8c84fa94-04c1-424b-9868-57a2d4851a1d" />
    <TestEntry testId="f635792e-78b3-a9ff-986a-ca24964ea725" executionId="39ceddc4-b728-492f-9823-218013e1ad43" testListId="8c84fa94-04c1-424b-9868-57a2d4851a1d" />
    <TestEntry testId="42ee74b3-0dbf-5f34-ad8a-20f10d38c1c2" executionId="485846b8-9b5c-4a29-b179-86892187e7fa" testListId="8c84fa94-04c1-424b-9868-57a2d4851a1d" />
    <TestEntry testId="f2633e0b-71cc-f5bc-a89d-fc4e947b93fd" executionId="fa67860c-2901-43b0-b181-c6f6f68471b4" testListId="8c84fa94-04c1-424b-9868-57a2d4851a1d" />
    <TestEntry testId="aa5b1a3e-9a5c-ab9d-52a0-70334dfda876" executionId="359be83e-ecda-482e-9a2a-9edebb42c3c0" testListId="8c84fa94-04c1-424b-9868-57a2d4851a1d" />
    <TestEntry testId="055b10d9-c61f-b469-2f0c-87708a526d0d" executionId="443f3c5e-a901-4ea0-a967-ebb0f4263e8e" testListId="8c84fa94-04c1-424b-9868-57a2d4851a1d" />
    <TestEntry testId="5908053f-44d5-1538-9d47-7412c5b11ec2" executionId="5a7a6476-f2df-484d-ae39-e4941f50970f" testListId="8c84fa94-04c1-424b-9868-57a2d4851a1d" />
    <TestEntry testId="acc50bff-08e9-65d9-fb14-0535269d308b" executionId="79f446fa-17d6-46c6-b742-3586f6adbf89" testListId="8c84fa94-04c1-424b-9868-57a2d4851a1d" />
    <TestEntry testId="dddff192-80c3-c0e2-4fa0-63263390073e" executionId="e65ce0be-86d9-496c-aed6-34bd5fc7f7f7" testListId="8c84fa94-04c1-424b-9868-57a2d4851a1d" />
    <TestEntry testId="c3b86861-de04-bbb2-15bb-4f60aa74ad89" executionId="4b9d91dc-f2bb-48f3-ad28-74eb22d871dc" testListId="8c84fa94-04c1-424b-9868-57a2d4851a1d" />
    <TestEntry testId="ee08fc30-825d-39e1-f006-465a7d2667a2" executionId="b06a1d6d-4e3f-4ba2-91f6-691b191995ad" testListId="8c84fa94-04c1-424b-9868-57a2d4851a1d" />
    <TestEntry testId="05655070-9b41-dab2-2fc8-80ad3051d361" executionId="1d0405d2-a52a-4bd8-b937-d60503c171b5" testListId="8c84fa94-04c1-424b-9868-57a2d4851a1d" />
    <TestEntry testId="fd6255db-065b-6d26-8fc6-d5c331134f1b" executionId="264655eb-3d8e-4d6b-93ec-560bf6e6d361" testListId="8c84fa94-04c1-424b-9868-57a2d4851a1d" />
    <TestEntry testId="2cd27ee6-503e-5f3d-fea9-6e8a7192580d" executionId="4baedbe2-0f3c-4a13-b132-4e688ad44508" testListId="8c84fa94-04c1-424b-9868-57a2d4851a1d" />
    <TestEntry testId="cf06b53d-0381-073b-12a2-73d56d21eba8" executionId="2e73372d-f6e1-4331-9c22-c7299ce85414" testListId="8c84fa94-04c1-424b-9868-57a2d4851a1d" />
    <TestEntry testId="51e56244-044f-55e2-8c12-cfbd939504f0" executionId="c9542700-511b-4adc-833b-c6e748f5b80b" testListId="8c84fa94-04c1-424b-9868-57a2d4851a1d" />
    <TestEntry testId="558b50ec-61a8-39b8-a5b9-f8c40fddc08c" executionId="91f941f1-c1dc-4766-b93b-dd8496c7645a" testListId="8c84fa94-04c1-424b-9868-57a2d4851a1d" />
    <TestEntry testId="f30816f8-222b-31cb-afff-80ab911e20ed" executionId="e00b7b11-61ec-4000-be73-593492074a3f" testListId="8c84fa94-04c1-424b-9868-57a2d4851a1d" />
    <TestEntry testId="6c423f43-d3d7-9026-4269-99b9cb46e8ec" executionId="f76de7de-6c9a-4a48-a231-91b484f920cc" testListId="8c84fa94-04c1-424b-9868-57a2d4851a1d" />
    <TestEntry testId="23b73c29-e3c2-3508-d692-1afbe569380f" executionId="2bc38b42-21e5-4e3b-9ffd-8aa5e98e41b6" testListId="8c84fa94-04c1-424b-9868-57a2d4851a1d" />
    <TestEntry testId="de8df07f-e9d7-88bc-9e5b-3201e50701a3" executionId="fa16fc0e-b6cf-4e66-badb-a947282c64ad" testListId="8c84fa94-04c1-424b-9868-57a2d4851a1d" />
    <TestEntry testId="5cec9ad1-db7c-0920-d330-c7c666fa4a15" executionId="86a5a92c-84ac-4d95-b01f-c085fd511a37" testListId="8c84fa94-04c1-424b-9868-57a2d4851a1d" />
    <TestEntry testId="24fa16f1-a596-da43-e6a7-297b464ef550" executionId="f05f4166-eb1d-4ab1-9da9-1655317fa325" testListId="8c84fa94-04c1-424b-9868-57a2d4851a1d" />
    <TestEntry testId="33b13b4e-397c-322c-98eb-6ffc65859ae6" executionId="1c086b02-ab00-4d7b-899d-5df54d9d498b" testListId="8c84fa94-04c1-424b-9868-57a2d4851a1d" />
    <TestEntry testId="9a118e46-4317-fffe-f94a-3216f64e11c2" executionId="750b01f4-d893-4264-bac5-76bdf51cb094" testListId="8c84fa94-04c1-424b-9868-57a2d4851a1d" />
    <TestEntry testId="75e7a812-368a-e9a9-ddae-6b6350eaee1c" executionId="84b137d0-5007-4b29-aba2-4daa3e8e7ee0" testListId="8c84fa94-04c1-424b-9868-57a2d4851a1d" />
    <TestEntry testId="f13109e8-3360-54c6-258a-223f2d0671ef" executionId="1e52d3ee-1c46-4f6b-9fd8-69cec0163017" testListId="8c84fa94-04c1-424b-9868-57a2d4851a1d" />
    <TestEntry testId="1db49302-fd68-901a-1fff-20af734f6ba5" executionId="b35a8d53-6826-4a1d-b6ef-b8e1ab94d67e" testListId="8c84fa94-04c1-424b-9868-57a2d4851a1d" />
    <TestEntry testId="2a41fd6d-698b-08f7-df50-e628cdb765c4" executionId="935e1b0b-fd10-49d6-a380-80e5845d3f10" testListId="8c84fa94-04c1-424b-9868-57a2d4851a1d" />
    <TestEntry testId="3bc5b38f-c464-1196-f2ec-a3c16fe98f0a" executionId="4858160a-9c0f-4ff6-a636-4ab030940a25" testListId="8c84fa94-04c1-424b-9868-57a2d4851a1d" />
    <TestEntry testId="ad9e0b13-1e1f-def3-d2e7-45efa0260539" executionId="e3ba421a-ba40-40cb-9dab-50dd71195e1b" testListId="8c84fa94-04c1-424b-9868-57a2d4851a1d" />
    <TestEntry testId="4c4b490b-a45a-9233-2c4d-5b56cfde5345" executionId="cd38c762-c6dd-4a26-851e-e3d6a5f6e03f" testListId="8c84fa94-04c1-424b-9868-57a2d4851a1d" />
    <TestEntry testId="3c70c7cc-aac9-c8d6-7a77-492280d601be" executionId="8154d362-6e63-4c62-a62c-e1bab6cdb04d" testListId="8c84fa94-04c1-424b-9868-57a2d4851a1d" />
    <TestEntry testId="0ffb3020-bdcc-8ecf-905a-04eacc5bd1f3" executionId="0f9ae647-7290-4101-b7d5-ee4dc3fa2b30" testListId="8c84fa94-04c1-424b-9868-57a2d4851a1d" />
    <TestEntry testId="539a2f31-4424-3c33-e7ad-abc68a16ff71" executionId="437c7af2-9f4c-47cf-bce2-a21b32b5e203" testListId="8c84fa94-04c1-424b-9868-57a2d4851a1d" />
    <TestEntry testId="afba5918-1f83-9617-8851-302085711f05" executionId="4f24a22c-53d6-4f15-8fc9-fcd167ac912b" testListId="8c84fa94-04c1-424b-9868-57a2d4851a1d" />
    <TestEntry testId="78b5d5ce-3bf4-07ed-7bbc-4f7171936cf1" executionId="26faaa46-592c-48d7-8847-aaec64e685d1" testListId="8c84fa94-04c1-424b-9868-57a2d4851a1d" />
    <TestEntry testId="bdc07066-41b3-6e13-a736-f2f68dbc0d74" executionId="7ddf8ea2-7d6a-4c5a-ab7c-889dacaedec4" testListId="8c84fa94-04c1-424b-9868-57a2d4851a1d" />
    <TestEntry testId="85396f91-de65-3e6e-b43f-aff9afadf6bb" executionId="7685b6be-a6f5-44d5-8fdd-e2f22e5712b9" testListId="8c84fa94-04c1-424b-9868-57a2d4851a1d" />
    <TestEntry testId="7a8acec7-b507-2dbe-fb30-76bca53789c8" executionId="a3cbb2f6-1901-4348-aa42-49af32438000" testListId="8c84fa94-04c1-424b-9868-57a2d4851a1d" />
    <TestEntry testId="fa1abf44-a19f-a27d-1162-7aedc27f8b2b" executionId="a311c64d-f2e4-480f-9be1-234eea4b551b" testListId="8c84fa94-04c1-424b-9868-57a2d4851a1d" />
    <TestEntry testId="b38443cb-9263-d47d-e97a-8217d5611fca" executionId="69a9ab43-415b-4492-9d8d-35c137a3b4e3" testListId="8c84fa94-04c1-424b-9868-57a2d4851a1d" />
    <TestEntry testId="ef4ddd7f-3169-db5b-3647-7751270dce7f" executionId="fcf9ec57-8f2a-4059-8fd5-be60b795e5eb" testListId="8c84fa94-04c1-424b-9868-57a2d4851a1d" />
    <TestEntry testId="f2bcd24e-9067-9346-f03b-69c6875d755e" executionId="84300f71-88db-44fd-bfbc-b07d40b5ea6c" testListId="8c84fa94-04c1-424b-9868-57a2d4851a1d" />
    <TestEntry testId="1cb61c1a-1d85-67cc-f934-0567de32cd41" executionId="a31e3851-f749-4425-92b8-2300650cd579" testListId="8c84fa94-04c1-424b-9868-57a2d4851a1d" />
    <TestEntry testId="92a1bdcd-c11a-62c2-2434-e52cfdc14fc0" executionId="fe7634bd-39da-4287-a73a-876b34ef152e" testListId="8c84fa94-04c1-424b-9868-57a2d4851a1d" />
    <TestEntry testId="e3c3b9f0-3a39-9b63-266c-9053b6746118" executionId="6289b692-b43c-4e17-aefc-bb14454b0ef6" testListId="8c84fa94-04c1-424b-9868-57a2d4851a1d" />
    <TestEntry testId="393ff653-a3a0-0abd-e2b9-460cce49cafb" executionId="f8d1381f-868c-4d52-951c-568dc9659631" testListId="8c84fa94-04c1-424b-9868-57a2d4851a1d" />
    <TestEntry testId="04bc96ff-0871-d18a-c379-235677b3f887" executionId="d7da7073-d321-4ed5-b73c-1d6ac75f85c0" testListId="8c84fa94-04c1-424b-9868-57a2d4851a1d" />
    <TestEntry testId="88245557-3318-b62a-4f78-efe6823f020a" executionId="30c51bd4-f61d-479a-95bc-420a684d11c2" testListId="8c84fa94-04c1-424b-9868-57a2d4851a1d" />
    <TestEntry testId="ada679da-9b1e-bb0a-81d0-38da5304756b" executionId="1fa1c469-32a6-4135-8860-a021e3d48837" testListId="8c84fa94-04c1-424b-9868-57a2d4851a1d" />
    <TestEntry testId="f1076d8a-c072-3bc9-d09a-ad00fb451555" executionId="a627db85-6afb-4997-81b1-d48091bde9a3" testListId="8c84fa94-04c1-424b-9868-57a2d4851a1d" />
    <TestEntry testId="1406bb24-1420-0373-f4b3-5aa2e79ad216" executionId="959333c7-b22e-4dc7-94dd-7a0150c17fa7" testListId="8c84fa94-04c1-424b-9868-57a2d4851a1d" />
    <TestEntry testId="fbd11205-a53d-3b31-f61c-9733d9901426" executionId="cacf3ba7-411b-44bd-b12f-47195fdd2b14" testListId="8c84fa94-04c1-424b-9868-57a2d4851a1d" />
    <TestEntry testId="e672af1c-bcaf-16c4-86a8-73bfba0e55d9" executionId="23c20f51-48a4-419a-823a-4d12cde112a2" testListId="8c84fa94-04c1-424b-9868-57a2d4851a1d" />
    <TestEntry testId="53849bef-89f3-a2ef-9524-6b5eb35a9ba4" executionId="33efb06f-ea99-4583-9faa-0bca5fd0a45d" testListId="8c84fa94-04c1-424b-9868-57a2d4851a1d" />
    <TestEntry testId="8101f2e3-e145-3ca1-3852-7412784f7c59" executionId="75423c1a-35ce-41f7-947e-d4bd9abc0c6b" testListId="8c84fa94-04c1-424b-9868-57a2d4851a1d" />
    <TestEntry testId="e1d948f9-6bb4-eeab-2a87-2f116760c039" executionId="e72ef466-2899-4a02-b291-b59dd31608c1" testListId="8c84fa94-04c1-424b-9868-57a2d4851a1d" />
  </TestEntries>
  <TestLists>
    <TestList name="Results Not in a List" id="8c84fa94-04c1-424b-9868-57a2d4851a1d" />
    <TestList name="All Loaded Results" id="19431567-8539-422a-85d7-44ee4e166bda" />
  </TestLists>
  <ResultSummary outcome="Failed">
    <Counters total="365" executed="365" passed="6" failed="359" error="0" timeout="0" aborted="0" inconclusive="0" passedButRunAborted="0" notRunnable="0" notExecuted="0" disconnected="0" warning="0" completed="0" inProgress="0" pending="0" />
  </ResultSummary>
</TestRun>